0 verbose cli /usr/local/bin/node /usr/local/bin/npm
1 info using npm@9.5.0
2 info using node@v18.14.2
3 timing npm:load:whichnode Completed in 0ms
4 timing config:load:defaults Completed in 3ms
5 timing config:load:file:/usr/local/lib/node_modules/npm/npmrc Completed in 0ms
6 timing config:load:builtin Completed in 0ms
7 timing config:load:cli Completed in 1ms
8 timing config:load:env Completed in 0ms
9 timing config:load:file:/Users/mohsenvafa/code/sfd-root/rxintake_scaffold/.npmrc Completed in 0ms
10 timing config:load:project Completed in 0ms
11 timing config:load:file:/Users/mohsenvafa/.npmrc Completed in 0ms
12 timing config:load:user Completed in 1ms
13 timing config:load:file:/usr/local/etc/npmrc Completed in 0ms
14 timing config:load:global Completed in 0ms
15 timing config:load:setEnvs Completed in 0ms
16 timing config:load Completed in 6ms
17 timing npm:load:configload Completed in 6ms
18 timing npm:load:mkdirpcache Completed in 0ms
19 timing npm:load:mkdirplogs Completed in 0ms
20 verbose title npm install
21 verbose argv "install" "--cache" "./.npm-cache"
22 timing npm:load:setTitle Completed in 7ms
23 timing config:load:flatten Completed in 1ms
24 timing npm:load:display Completed in 1ms
25 verbose logfile logs-max:10 dir:/Users/mohsenvafa/code/sfd-root/rxintake_scaffold/.npm-cache/_logs/2025-09-20T23_56_43_857Z-
26 verbose logfile /Users/mohsenvafa/code/sfd-root/rxintake_scaffold/.npm-cache/_logs/2025-09-20T23_56_43_857Z-debug-0.log
27 timing npm:load:logFile Completed in 3ms
28 timing npm:load:timers Completed in 0ms
29 timing npm:load:configScope Completed in 0ms
30 timing npm:load Completed in 17ms
31 timing arborist:ctor Completed in 0ms
32 silly logfile done cleaning log files
33 timing arborist:ctor Completed in 0ms
34 timing idealTree:init Completed in 5ms
35 timing idealTree:userRequests Completed in 0ms
36 silly idealTree buildDeps
37 silly fetch manifest autoprefixer@^10.4.21
38 http fetch GET 200 https://registry.npmjs.org/autoprefixer 267ms (cache miss)
39 silly fetch manifest postcss@^8.5.6
40 http fetch GET 200 https://registry.npmjs.org/postcss 88ms (cache miss)
41 silly fetch manifest daisyui@^5.1.13
42 http fetch GET 200 https://registry.npmjs.org/daisyui 123ms (cache miss)
43 silly fetch manifest tailwindcss@^3.4.4
44 http fetch GET 200 https://registry.npmjs.org/tailwindcss 201ms (cache miss)
45 silly placeDep ROOT autoprefixer@10.4.21 OK for:  want: ^10.4.21
46 silly placeDep ROOT postcss@8.5.6 OK for: autoprefixer@10.4.21 want: ^8.1.0
47 silly placeDep ROOT daisyui@5.1.13 OK for:  want: ^5.1.13
48 silly placeDep ROOT tailwindcss@3.4.17 OK for:  want: ^3.4.4
49 silly fetch manifest picocolors@^1.1.1
50 silly fetch manifest fraction.js@^4.3.7
51 silly fetch manifest browserslist@^4.24.4
52 silly fetch manifest caniuse-lite@^1.0.30001702
53 silly fetch manifest normalize-range@^0.1.2
54 silly fetch manifest postcss-value-parser@^4.2.0
55 silly fetch manifest nanoid@^3.3.11
56 silly fetch manifest source-map-js@^1.2.1
57 silly fetch manifest arg@^5.0.2
58 silly fetch manifest dlv@^1.1.3
59 silly fetch manifest jiti@^1.21.6
60 silly fetch manifest is-glob@^4.0.3
61 silly fetch manifest resolve@^1.22.8
62 silly fetch manifest sucrase@^3.35.0
63 silly fetch manifest chokidar@^3.6.0
64 silly fetch manifest fast-glob@^3.3.2
65 silly fetch manifest lilconfig@^3.1.3
66 silly fetch manifest didyoumean@^1.2.2
67 silly fetch manifest micromatch@^4.0.8
68 silly fetch manifest postcss-js@^4.0.1
69 silly fetch manifest glob-parent@^6.0.2
70 silly fetch manifest object-hash@^3.0.0
71 silly fetch manifest normalize-path@^3.0.0
72 silly fetch manifest postcss-import@^15.1.0
73 silly fetch manifest postcss-nested@^6.2.0
74 silly fetch manifest @alloc/quick-lru@^5.2.0
75 silly fetch manifest postcss-load-config@^4.0.2
76 silly fetch manifest postcss-selector-parser@^6.1.2
77 http fetch GET 200 https://registry.npmjs.org/fraction.js 147ms (cache miss)
78 http fetch GET 200 https://registry.npmjs.org/arg 145ms (cache miss)
79 http fetch GET 200 https://registry.npmjs.org/postcss-value-parser 159ms (cache miss)
80 http fetch GET 200 https://registry.npmjs.org/source-map-js 165ms (cache miss)
81 http fetch GET 200 https://registry.npmjs.org/resolve 163ms (cache miss)
82 http fetch GET 200 https://registry.npmjs.org/normalize-range 180ms (cache miss)
83 http fetch GET 200 https://registry.npmjs.org/chokidar 177ms (cache miss)
84 http fetch GET 200 https://registry.npmjs.org/is-glob 179ms (cache miss)
85 http fetch GET 200 https://registry.npmjs.org/dlv 194ms (cache miss)
86 http fetch GET 200 https://registry.npmjs.org/picocolors 203ms (cache miss)
87 http fetch GET 200 https://registry.npmjs.org/lilconfig 204ms (cache miss)
88 http fetch GET 200 https://registry.npmjs.org/didyoumean 220ms (cache miss)
89 http fetch GET 200 https://registry.npmjs.org/browserslist 230ms (cache miss)
90 http fetch GET 200 https://registry.npmjs.org/object-hash 229ms (cache miss)
91 http fetch GET 200 https://registry.npmjs.org/fast-glob 232ms (cache miss)
92 http fetch GET 200 https://registry.npmjs.org/glob-parent 241ms (cache miss)
93 http fetch GET 200 https://registry.npmjs.org/jiti 252ms (cache miss)
94 http fetch GET 200 https://registry.npmjs.org/sucrase 259ms (cache miss)
95 http fetch GET 200 https://registry.npmjs.org/postcss-js 259ms (cache miss)
96 http fetch GET 200 https://registry.npmjs.org/postcss-import 258ms (cache miss)
97 http fetch GET 200 https://registry.npmjs.org/nanoid 267ms (cache miss)
98 http fetch GET 200 https://registry.npmjs.org/normalize-path 268ms (cache miss)
99 http fetch GET 200 https://registry.npmjs.org/caniuse-lite 279ms (cache miss)
100 http fetch GET 200 https://registry.npmjs.org/micromatch 281ms (cache miss)
101 http fetch GET 200 https://registry.npmjs.org/postcss-load-config 283ms (cache miss)
102 http fetch GET 200 https://registry.npmjs.org/@alloc%2fquick-lru 284ms (cache miss)
103 http fetch GET 200 https://registry.npmjs.org/postcss-nested 285ms (cache miss)
104 http fetch GET 200 https://registry.npmjs.org/postcss-selector-parser 287ms (cache miss)
105 timing idealTree:#root Completed in 1028ms
106 silly placeDep ROOT browserslist@4.26.2 OK for: autoprefixer@10.4.21 want: ^4.24.4
107 silly placeDep ROOT caniuse-lite@1.0.30001743 OK for: autoprefixer@10.4.21 want: ^1.0.30001702
108 silly placeDep ROOT fraction.js@4.3.7 OK for: autoprefixer@10.4.21 want: ^4.3.7
109 silly placeDep ROOT normalize-range@0.1.2 OK for: autoprefixer@10.4.21 want: ^0.1.2
110 silly placeDep ROOT picocolors@1.1.1 OK for: autoprefixer@10.4.21 want: ^1.1.1
111 silly placeDep ROOT postcss-value-parser@4.2.0 OK for: autoprefixer@10.4.21 want: ^4.2.0
112 silly fetch manifest baseline-browser-mapping@^2.8.3
113 silly fetch manifest electron-to-chromium@^1.5.218
114 silly fetch manifest node-releases@^2.0.21
115 silly fetch manifest update-browserslist-db@^1.1.3
116 http fetch GET 200 https://registry.npmjs.org/baseline-browser-mapping 67ms (cache miss)
117 http fetch GET 200 https://registry.npmjs.org/node-releases 84ms (cache miss)
118 http fetch GET 200 https://registry.npmjs.org/update-browserslist-db 89ms (cache miss)
119 http fetch GET 200 https://registry.npmjs.org/electron-to-chromium 219ms (cache miss)
120 timing idealTree:node_modules/autoprefixer Completed in 230ms
121 silly fetch manifest browserslist@>= 4.21.0
122 silly placeDep ROOT baseline-browser-mapping@2.8.6 OK for: browserslist@4.26.2 want: ^2.8.3
123 silly placeDep ROOT electron-to-chromium@1.5.222 OK for: browserslist@4.26.2 want: ^1.5.218
124 silly placeDep ROOT node-releases@2.0.21 OK for: browserslist@4.26.2 want: ^2.0.21
125 silly placeDep ROOT update-browserslist-db@1.1.3 OK for: browserslist@4.26.2 want: ^1.1.3
126 silly fetch manifest escalade@^3.2.0
127 http fetch GET 200 https://registry.npmjs.org/escalade 55ms (cache miss)
128 timing idealTree:node_modules/browserslist Completed in 59ms
129 timing idealTree:node_modules/baseline-browser-mapping Completed in 0ms
130 timing idealTree:node_modules/caniuse-lite Completed in 0ms
131 timing idealTree:node_modules/daisyui Completed in 0ms
132 timing idealTree:node_modules/electron-to-chromium Completed in 0ms
133 timing idealTree:node_modules/fraction.js Completed in 0ms
134 timing idealTree:node_modules/node-releases Completed in 0ms
135 timing idealTree:node_modules/normalize-range Completed in 0ms
136 timing idealTree:node_modules/picocolors Completed in 0ms
137 silly placeDep ROOT nanoid@3.3.11 OK for: postcss@8.5.6 want: ^3.3.11
138 silly placeDep ROOT source-map-js@1.2.1 OK for: postcss@8.5.6 want: ^1.2.1
139 timing idealTree:node_modules/postcss Completed in 1ms
140 timing idealTree:node_modules/nanoid Completed in 0ms
141 timing idealTree:node_modules/postcss-value-parser Completed in 0ms
142 timing idealTree:node_modules/source-map-js Completed in 0ms
143 silly fetch manifest postcss@^8.4.47
144 silly fetch manifest ts-node@>=9.0.0
145 http fetch GET 200 https://registry.npmjs.org/ts-node 61ms (cache miss)
146 silly fetch manifest @swc/core@>=1.2.50
147 http fetch GET 200 https://registry.npmjs.org/@swc%2fcore 145ms (cache miss)
148 silly fetch manifest @swc/helpers@>=0.5.17
149 http fetch GET 200 https://registry.npmjs.org/@swc%2fhelpers 82ms (cache miss)
150 silly fetch manifest @swc/wasm@>=1.2.50
151 http fetch GET 200 https://registry.npmjs.org/@swc%2fwasm 136ms (cache miss)
152 silly fetch manifest @types/node@*
153 http fetch GET 200 https://registry.npmjs.org/@types%2fnode 277ms (cache miss)
154 silly fetch manifest typescript@>=2.7
155 http fetch GET 200 https://registry.npmjs.org/typescript 304ms (cache miss)
156 silly placeDep ROOT @alloc/quick-lru@5.2.0 OK for: tailwindcss@3.4.17 want: ^5.2.0
157 silly placeDep ROOT arg@5.0.2 OK for: tailwindcss@3.4.17 want: ^5.0.2
158 silly placeDep ROOT chokidar@3.6.0 OK for: tailwindcss@3.4.17 want: ^3.6.0
159 silly placeDep ROOT didyoumean@1.2.2 OK for: tailwindcss@3.4.17 want: ^1.2.2
160 silly placeDep ROOT dlv@1.1.3 OK for: tailwindcss@3.4.17 want: ^1.1.3
161 silly placeDep ROOT fast-glob@3.3.3 OK for: tailwindcss@3.4.17 want: ^3.3.2
162 silly placeDep ROOT glob-parent@6.0.2 OK for: tailwindcss@3.4.17 want: ^6.0.2
163 silly placeDep ROOT is-glob@4.0.3 OK for: tailwindcss@3.4.17 want: ^4.0.3
164 silly placeDep ROOT jiti@1.21.7 OK for: tailwindcss@3.4.17 want: ^1.21.6
165 silly placeDep ROOT lilconfig@3.1.3 OK for: tailwindcss@3.4.17 want: ^3.1.3
166 silly placeDep ROOT micromatch@4.0.8 OK for: tailwindcss@3.4.17 want: ^4.0.8
167 silly placeDep ROOT normalize-path@3.0.0 OK for: tailwindcss@3.4.17 want: ^3.0.0
168 silly placeDep ROOT object-hash@3.0.0 OK for: tailwindcss@3.4.17 want: ^3.0.0
169 silly placeDep ROOT postcss-import@15.1.0 OK for: tailwindcss@3.4.17 want: ^15.1.0
170 silly placeDep ROOT postcss-js@4.1.0 OK for: tailwindcss@3.4.17 want: ^4.0.1
171 silly placeDep ROOT postcss-load-config@4.0.2 OK for: tailwindcss@3.4.17 want: ^4.0.2
172 silly placeDep ROOT postcss-nested@6.2.0 OK for: tailwindcss@3.4.17 want: ^6.2.0
173 silly placeDep ROOT postcss-selector-parser@6.1.2 OK for: tailwindcss@3.4.17 want: ^6.1.2
174 silly placeDep ROOT resolve@1.22.10 OK for: tailwindcss@3.4.17 want: ^1.22.8
175 silly placeDep ROOT sucrase@3.35.0 OK for: tailwindcss@3.4.17 want: ^3.35.0
176 silly fetch manifest braces@~3.0.2
177 silly fetch manifest anymatch@~3.1.2
178 silly fetch manifest readdirp@~3.6.0
179 silly fetch manifest glob-parent@~5.1.2
180 silly fetch manifest is-binary-path@~2.1.0
181 silly fetch manifest fsevents@~2.3.2
182 silly fetch manifest @nodelib/fs.stat@^2.0.2
183 silly fetch manifest @nodelib/fs.walk@^1.2.3
184 silly fetch manifest glob-parent@^5.1.2
185 silly fetch manifest merge2@^1.3.0
186 silly fetch manifest is-extglob@^2.1.1
187 silly fetch manifest braces@^3.0.3
188 silly fetch manifest picomatch@^2.3.1
189 silly fetch manifest read-cache@^1.0.0
190 silly fetch manifest camelcase-css@^2.0.1
191 silly fetch manifest yaml@^2.3.4
192 silly fetch manifest cssesc@^3.0.0
193 silly fetch manifest util-deprecate@^1.0.2
194 silly fetch manifest is-core-module@^2.16.0
195 silly fetch manifest path-parse@^1.0.7
196 silly fetch manifest supports-preserve-symlinks-flag@^1.0.0
197 silly fetch manifest @jridgewell/gen-mapping@^0.3.2
198 silly fetch manifest commander@^4.0.0
199 silly fetch manifest glob@^10.3.10
200 silly fetch manifest lines-and-columns@^1.1.6
201 silly fetch manifest mz@^2.7.0
202 silly fetch manifest pirates@^4.0.1
203 silly fetch manifest ts-interface-checker@^0.1.9
204 http fetch GET 200 https://registry.npmjs.org/merge2 73ms (cache miss)
205 http fetch GET 200 https://registry.npmjs.org/is-binary-path 82ms (cache miss)
206 http fetch GET 200 https://registry.npmjs.org/readdirp 83ms (cache miss)
207 http fetch GET 200 https://registry.npmjs.org/cssesc 81ms (cache miss)
208 http fetch GET 200 https://registry.npmjs.org/read-cache 85ms (cache miss)
209 http fetch GET 200 https://registry.npmjs.org/braces 85ms (cache miss)
210 http fetch GET 200 https://registry.npmjs.org/is-extglob 88ms (cache miss)
211 http fetch GET 200 https://registry.npmjs.org/braces 96ms (cache miss)
212 http fetch GET 200 https://registry.npmjs.org/yaml 101ms (cache miss)
213 http fetch GET 200 https://registry.npmjs.org/@nodelib%2ffs.walk 109ms (cache miss)
214 http fetch GET 200 https://registry.npmjs.org/camelcase-css 112ms (cache miss)
215 http fetch GET 200 https://registry.npmjs.org/picomatch 114ms (cache miss)
216 http fetch GET 200 https://registry.npmjs.org/anymatch 126ms (cache miss)
217 http fetch GET 200 https://registry.npmjs.org/@nodelib%2ffs.stat 127ms (cache miss)
218 http fetch GET 200 https://registry.npmjs.org/fsevents 132ms (cache miss)
219 http fetch GET 200 https://registry.npmjs.org/supports-preserve-symlinks-flag 152ms (cache miss)
220 http fetch GET 200 https://registry.npmjs.org/util-deprecate 154ms (cache miss)
221 http fetch GET 200 https://registry.npmjs.org/path-parse 154ms (cache miss)
222 http fetch GET 200 https://registry.npmjs.org/lines-and-columns 152ms (cache miss)
223 http fetch GET 200 https://registry.npmjs.org/commander 157ms (cache miss)
224 http fetch GET 200 https://registry.npmjs.org/mz 164ms (cache miss)
225 http fetch GET 200 https://registry.npmjs.org/pirates 164ms (cache miss)
226 http fetch GET 200 https://registry.npmjs.org/glob 175ms (cache miss)
227 http fetch GET 200 https://registry.npmjs.org/is-core-module 181ms (cache miss)
228 http fetch GET 200 https://registry.npmjs.org/ts-interface-checker 192ms (cache miss)
229 http fetch GET 200 https://registry.npmjs.org/@jridgewell%2fgen-mapping 262ms (cache miss)
230 timing idealTree:node_modules/tailwindcss Completed in 1342ms
231 timing idealTree:node_modules/@alloc/quick-lru Completed in 0ms
232 timing idealTree:node_modules/arg Completed in 0ms
233 silly placeDep ROOT anymatch@3.1.3 OK for: chokidar@3.6.0 want: ~3.1.2
234 silly placeDep ROOT braces@3.0.3 OK for: chokidar@3.6.0 want: ~3.0.2
235 silly placeDep ROOT fsevents@2.3.3 OK for: chokidar@3.6.0 want: ~2.3.2
236 silly placeDep node_modules/chokidar glob-parent@5.1.2 OK for: chokidar@3.6.0 want: ~5.1.2
237 silly placeDep ROOT is-binary-path@2.1.0 OK for: chokidar@3.6.0 want: ~2.1.0
238 silly placeDep ROOT readdirp@3.6.0 OK for: chokidar@3.6.0 want: ~3.6.0
239 silly fetch manifest picomatch@^2.0.4
240 silly fetch manifest fill-range@^7.1.1
241 silly fetch manifest binary-extensions@^2.0.0
242 silly fetch manifest picomatch@^2.2.1
243 http fetch GET 200 https://registry.npmjs.org/fill-range 89ms (cache miss)
244 http fetch GET 200 https://registry.npmjs.org/binary-extensions 95ms (cache miss)
245 timing idealTree:node_modules/chokidar Completed in 99ms
246 silly placeDep ROOT picomatch@2.3.1 OK for: anymatch@3.1.3 want: ^2.0.4
247 timing idealTree:node_modules/anymatch Completed in 0ms
248 silly placeDep ROOT fill-range@7.1.1 OK for: braces@3.0.3 want: ^7.1.1
249 silly fetch manifest to-regex-range@^5.0.1
250 http fetch GET 200 https://registry.npmjs.org/to-regex-range 76ms (cache miss)
251 timing idealTree:node_modules/braces Completed in 77ms
252 timing idealTree:node_modules/didyoumean Completed in 0ms
253 timing idealTree:node_modules/dlv Completed in 0ms
254 silly placeDep ROOT @nodelib/fs.stat@2.0.5 OK for: fast-glob@3.3.3 want: ^2.0.2
255 silly placeDep ROOT @nodelib/fs.walk@1.2.8 OK for: fast-glob@3.3.3 want: ^1.2.3
256 silly placeDep node_modules/fast-glob glob-parent@5.1.2 OK for: fast-glob@3.3.3 want: ^5.1.2
257 silly placeDep ROOT merge2@1.4.1 OK for: fast-glob@3.3.3 want: ^1.3.0
258 silly fetch manifest fastq@^1.6.0
259 silly fetch manifest @nodelib/fs.scandir@2.1.5
260 http fetch GET 200 https://registry.npmjs.org/fastq 72ms (cache miss)
261 http fetch GET 200 https://registry.npmjs.org/@nodelib%2ffs.scandir 109ms (cache miss)
262 timing idealTree:node_modules/fast-glob Completed in 113ms
263 timing idealTree:node_modules/@nodelib/fs.stat Completed in 0ms
264 silly placeDep ROOT @nodelib/fs.scandir@2.1.5 OK for: @nodelib/fs.walk@1.2.8 want: 2.1.5
265 silly placeDep ROOT fastq@1.19.1 OK for: @nodelib/fs.walk@1.2.8 want: ^1.6.0
266 silly fetch manifest run-parallel@^1.1.9
267 silly fetch manifest reusify@^1.0.4
268 http fetch GET 200 https://registry.npmjs.org/reusify 84ms (cache miss)
269 http fetch GET 200 https://registry.npmjs.org/run-parallel 84ms (cache miss)
270 timing idealTree:node_modules/@nodelib/fs.walk Completed in 86ms
271 silly placeDep ROOT run-parallel@1.2.0 OK for: @nodelib/fs.scandir@2.1.5 want: ^1.1.9
272 silly fetch manifest queue-microtask@^1.2.2
273 http fetch GET 200 https://registry.npmjs.org/queue-microtask 69ms (cache miss)
274 timing idealTree:node_modules/@nodelib/fs.scandir Completed in 70ms
275 silly placeDep ROOT reusify@1.1.0 OK for: fastq@1.19.1 want: ^1.0.4
276 timing idealTree:node_modules/fastq Completed in 1ms
277 silly placeDep ROOT to-regex-range@5.0.1 OK for: fill-range@7.1.1 want: ^5.0.1
278 silly fetch manifest is-number@^7.0.0
279 http fetch GET 200 https://registry.npmjs.org/is-number 86ms (cache miss)
280 timing idealTree:node_modules/fill-range Completed in 87ms
281 timing idealTree:node_modules/fsevents Completed in 0ms
282 timing idealTree:node_modules/glob-parent Completed in 0ms
283 silly placeDep ROOT binary-extensions@2.3.0 OK for: is-binary-path@2.1.0 want: ^2.0.0
284 timing idealTree:node_modules/is-binary-path Completed in 1ms
285 timing idealTree:node_modules/binary-extensions Completed in 0ms
286 silly placeDep ROOT is-extglob@2.1.1 OK for: is-glob@4.0.3 want: ^2.1.1
287 timing idealTree:node_modules/is-glob Completed in 0ms
288 timing idealTree:node_modules/is-extglob Completed in 1ms
289 timing idealTree:node_modules/jiti Completed in 0ms
290 timing idealTree:node_modules/lilconfig Completed in 0ms
291 timing idealTree:node_modules/merge2 Completed in 0ms
292 timing idealTree:node_modules/micromatch Completed in 0ms
293 timing idealTree:node_modules/normalize-path Completed in 0ms
294 timing idealTree:node_modules/object-hash Completed in 0ms
295 timing idealTree:node_modules/picomatch Completed in 0ms
296 silly placeDep ROOT read-cache@1.0.0 OK for: postcss-import@15.1.0 want: ^1.0.0
297 silly fetch manifest pify@^2.3.0
298 http fetch GET 200 https://registry.npmjs.org/pify 66ms (cache miss)
299 timing idealTree:node_modules/postcss-import Completed in 67ms
300 silly placeDep ROOT camelcase-css@2.0.1 OK for: postcss-js@4.1.0 want: ^2.0.1
301 timing idealTree:node_modules/postcss-js Completed in 1ms
302 timing idealTree:node_modules/camelcase-css Completed in 0ms
303 silly placeDep ROOT yaml@2.8.1 OK for: postcss-load-config@4.0.2 want: ^2.3.4
304 timing idealTree:node_modules/postcss-load-config Completed in 1ms
305 timing idealTree:node_modules/postcss-nested Completed in 0ms
306 silly placeDep ROOT cssesc@3.0.0 OK for: postcss-selector-parser@6.1.2 want: ^3.0.0
307 silly placeDep ROOT util-deprecate@1.0.2 OK for: postcss-selector-parser@6.1.2 want: ^1.0.2
308 timing idealTree:node_modules/postcss-selector-parser Completed in 1ms
309 timing idealTree:node_modules/cssesc Completed in 0ms
310 silly placeDep ROOT pify@2.3.0 OK for: read-cache@1.0.0 want: ^2.3.0
311 timing idealTree:node_modules/read-cache Completed in 0ms
312 timing idealTree:node_modules/pify Completed in 0ms
313 timing idealTree:node_modules/readdirp Completed in 0ms
314 silly placeDep ROOT is-core-module@2.16.1 OK for: resolve@1.22.10 want: ^2.16.0
315 silly placeDep ROOT path-parse@1.0.7 OK for: resolve@1.22.10 want: ^1.0.7
316 silly placeDep ROOT supports-preserve-symlinks-flag@1.0.0 OK for: resolve@1.22.10 want: ^1.0.0
317 silly fetch manifest hasown@^2.0.2
318 http fetch GET 200 https://registry.npmjs.org/hasown 94ms (cache miss)
319 timing idealTree:node_modules/resolve Completed in 96ms
320 silly placeDep ROOT hasown@2.0.2 OK for: is-core-module@2.16.1 want: ^2.0.2
321 silly fetch manifest function-bind@^1.1.2
322 http fetch GET 200 https://registry.npmjs.org/function-bind 117ms (cache miss)
323 timing idealTree:node_modules/is-core-module Completed in 119ms
324 silly placeDep ROOT function-bind@1.1.2 OK for: hasown@2.0.2 want: ^1.1.2
325 timing idealTree:node_modules/hasown Completed in 0ms
326 timing idealTree:node_modules/function-bind Completed in 0ms
327 timing idealTree:node_modules/path-parse Completed in 0ms
328 timing idealTree:node_modules/reusify Completed in 0ms
329 silly placeDep ROOT queue-microtask@1.2.3 OK for: run-parallel@1.2.0 want: ^1.2.2
330 timing idealTree:node_modules/run-parallel Completed in 0ms
331 timing idealTree:node_modules/queue-microtask Completed in 0ms
332 silly placeDep ROOT @jridgewell/gen-mapping@0.3.13 OK for: sucrase@3.35.0 want: ^0.3.2
333 silly placeDep ROOT commander@4.1.1 OK for: sucrase@3.35.0 want: ^4.0.0
334 silly placeDep ROOT glob@10.4.5 OK for: sucrase@3.35.0 want: ^10.3.10
335 silly placeDep ROOT lines-and-columns@1.2.4 OK for: sucrase@3.35.0 want: ^1.1.6
336 silly placeDep ROOT mz@2.7.0 OK for: sucrase@3.35.0 want: ^2.7.0
337 silly placeDep ROOT pirates@4.0.7 OK for: sucrase@3.35.0 want: ^4.0.1
338 silly placeDep ROOT ts-interface-checker@0.1.13 OK for: sucrase@3.35.0 want: ^0.1.9
339 silly fetch manifest @jridgewell/sourcemap-codec@^1.5.0
340 silly fetch manifest @jridgewell/trace-mapping@^0.3.24
341 silly fetch manifest minipass@^7.1.2
342 silly fetch manifest jackspeak@^3.1.2
343 silly fetch manifest minimatch@^9.0.4
344 silly fetch manifest path-scurry@^1.11.1
345 silly fetch manifest foreground-child@^3.1.0
346 silly fetch manifest package-json-from-dist@^1.0.0
347 silly fetch manifest any-promise@^1.0.0
348 silly fetch manifest object-assign@^4.0.1
349 silly fetch manifest thenify-all@^1.0.0
350 http fetch GET 200 https://registry.npmjs.org/path-scurry 60ms (cache miss)
351 http fetch GET 200 https://registry.npmjs.org/package-json-from-dist 59ms (cache miss)
352 http fetch GET 200 https://registry.npmjs.org/object-assign 65ms (cache miss)
353 http fetch GET 200 https://registry.npmjs.org/minimatch 75ms (cache miss)
354 http fetch GET 200 https://registry.npmjs.org/thenify-all 73ms (cache miss)
355 http fetch GET 200 https://registry.npmjs.org/any-promise 75ms (cache miss)
356 http fetch GET 200 https://registry.npmjs.org/minipass 83ms (cache miss)
357 http fetch GET 200 https://registry.npmjs.org/jackspeak 90ms (cache miss)
358 http fetch GET 200 https://registry.npmjs.org/@jridgewell%2fsourcemap-codec 113ms (cache miss)
359 http fetch GET 200 https://registry.npmjs.org/foreground-child 110ms (cache miss)
360 http fetch GET 200 https://registry.npmjs.org/@jridgewell%2ftrace-mapping 227ms (cache miss)
361 timing idealTree:node_modules/sucrase Completed in 234ms
362 silly placeDep ROOT @jridgewell/sourcemap-codec@1.5.5 OK for: @jridgewell/gen-mapping@0.3.13 want: ^1.5.0
363 silly placeDep ROOT @jridgewell/trace-mapping@0.3.31 OK for: @jridgewell/gen-mapping@0.3.13 want: ^0.3.24
364 silly fetch manifest @jridgewell/resolve-uri@^3.1.0
365 http fetch GET 200 https://registry.npmjs.org/@jridgewell%2fresolve-uri 128ms (cache miss)
366 timing idealTree:node_modules/@jridgewell/gen-mapping Completed in 131ms
367 timing idealTree:node_modules/@jridgewell/sourcemap-codec Completed in 0ms
368 silly placeDep ROOT @jridgewell/resolve-uri@3.1.2 OK for: @jridgewell/trace-mapping@0.3.31 want: ^3.1.0
369 timing idealTree:node_modules/@jridgewell/trace-mapping Completed in 1ms
370 timing idealTree:node_modules/@jridgewell/resolve-uri Completed in 0ms
371 timing idealTree:node_modules/commander Completed in 0ms
372 silly placeDep ROOT foreground-child@3.3.1 OK for: glob@10.4.5 want: ^3.1.0
373 silly placeDep ROOT jackspeak@3.4.3 OK for: glob@10.4.5 want: ^3.1.2
374 silly placeDep ROOT minimatch@9.0.5 OK for: glob@10.4.5 want: ^9.0.4
375 silly placeDep ROOT minipass@7.1.2 OK for: glob@10.4.5 want: ^7.1.2
376 silly placeDep ROOT package-json-from-dist@1.0.1 OK for: glob@10.4.5 want: ^1.0.0
377 silly placeDep ROOT path-scurry@1.11.1 OK for: glob@10.4.5 want: ^1.11.1
378 silly fetch manifest cross-spawn@^7.0.6
379 silly fetch manifest signal-exit@^4.0.1
380 silly fetch manifest @isaacs/cliui@^8.0.2
381 silly fetch manifest @pkgjs/parseargs@^0.11.0
382 silly fetch manifest brace-expansion@^2.0.1
383 silly fetch manifest lru-cache@^10.2.0
384 http fetch GET 200 https://registry.npmjs.org/brace-expansion 88ms (cache miss)
385 http fetch GET 200 https://registry.npmjs.org/lru-cache 91ms (cache miss)
386 http fetch GET 200 https://registry.npmjs.org/cross-spawn 102ms (cache miss)
387 http fetch GET 200 https://registry.npmjs.org/signal-exit 105ms (cache miss)
388 http fetch GET 200 https://registry.npmjs.org/@isaacs%2fcliui 108ms (cache miss)
389 http fetch GET 200 https://registry.npmjs.org/@pkgjs%2fparseargs 112ms (cache miss)
390 timing idealTree:node_modules/glob Completed in 117ms
391 silly placeDep ROOT cross-spawn@7.0.6 OK for: foreground-child@3.3.1 want: ^7.0.6
392 silly placeDep ROOT signal-exit@4.1.0 OK for: foreground-child@3.3.1 want: ^4.0.1
393 silly fetch manifest which@^2.0.1
394 silly fetch manifest path-key@^3.1.0
395 silly fetch manifest shebang-command@^2.0.0
396 http fetch GET 200 https://registry.npmjs.org/path-key 76ms (cache miss)
397 http fetch GET 200 https://registry.npmjs.org/shebang-command 119ms (cache miss)
398 http fetch GET 200 https://registry.npmjs.org/which 132ms (cache miss)
399 timing idealTree:node_modules/foreground-child Completed in 134ms
400 silly placeDep ROOT path-key@3.1.1 OK for: cross-spawn@7.0.6 want: ^3.1.0
401 silly placeDep ROOT shebang-command@2.0.0 OK for: cross-spawn@7.0.6 want: ^2.0.0
402 silly placeDep ROOT which@2.0.2 OK for: cross-spawn@7.0.6 want: ^2.0.1
403 silly fetch manifest shebang-regex@^3.0.0
404 silly fetch manifest isexe@^2.0.0
405 http fetch GET 200 https://registry.npmjs.org/isexe 80ms (cache miss)
406 http fetch GET 200 https://registry.npmjs.org/shebang-regex 123ms (cache miss)
407 timing idealTree:node_modules/cross-spawn Completed in 126ms
408 silly placeDep ROOT @isaacs/cliui@8.0.2 OK for: jackspeak@3.4.3 want: ^8.0.2
409 silly placeDep ROOT @pkgjs/parseargs@0.11.0 OK for: jackspeak@3.4.3 want: ^0.11.0
410 silly fetch manifest string-width@^5.1.2
411 silly fetch manifest string-width-cjs@npm:string-width@^4.2.0
412 silly fetch manifest strip-ansi@^7.0.1
413 silly fetch manifest strip-ansi-cjs@npm:strip-ansi@^6.0.1
414 silly fetch manifest wrap-ansi@^8.1.0
415 silly fetch manifest wrap-ansi-cjs@npm:wrap-ansi@^7.0.0
416 http fetch GET 200 https://registry.npmjs.org/wrap-ansi 64ms (cache miss)
417 http fetch GET 200 https://registry.npmjs.org/string-width 73ms (cache miss)
418 http fetch GET 200 https://registry.npmjs.org/string-width 77ms (cache miss)
419 http fetch GET 200 https://registry.npmjs.org/strip-ansi 94ms (cache miss)
420 http fetch GET 200 https://registry.npmjs.org/wrap-ansi 113ms (cache miss)
421 http fetch GET 200 https://registry.npmjs.org/strip-ansi 153ms (cache miss)
422 timing idealTree:node_modules/jackspeak Completed in 158ms
423 silly placeDep ROOT string-width@5.1.2 OK for: @isaacs/cliui@8.0.2 want: ^5.1.2
424 silly placeDep ROOT string-width-cjs@4.2.3 OK for: @isaacs/cliui@8.0.2 want: npm:string-width@^4.2.0
425 silly placeDep ROOT strip-ansi@7.1.2 OK for: @isaacs/cliui@8.0.2 want: ^7.0.1
426 silly placeDep ROOT strip-ansi-cjs@6.0.1 OK for: @isaacs/cliui@8.0.2 want: npm:strip-ansi@^6.0.1
427 silly placeDep ROOT wrap-ansi@8.1.0 OK for: @isaacs/cliui@8.0.2 want: ^8.1.0
428 silly placeDep ROOT wrap-ansi-cjs@7.0.0 OK for: @isaacs/cliui@8.0.2 want: npm:wrap-ansi@^7.0.0
429 silly fetch manifest emoji-regex@^9.2.2
430 silly fetch manifest eastasianwidth@^0.2.0
431 silly fetch manifest strip-ansi@^6.0.1
432 silly fetch manifest emoji-regex@^8.0.0
433 silly fetch manifest is-fullwidth-code-point@^3.0.0
434 silly fetch manifest ansi-regex@^6.0.1
435 silly fetch manifest ansi-regex@^5.0.1
436 silly fetch manifest ansi-styles@^6.1.0
437 silly fetch manifest strip-ansi@^6.0.0
438 silly fetch manifest ansi-styles@^4.0.0
439 silly fetch manifest string-width@^4.1.0
440 http fetch GET 200 https://registry.npmjs.org/ansi-regex 69ms (cache miss)
441 http fetch GET 200 https://registry.npmjs.org/emoji-regex 72ms (cache miss)
442 http fetch GET 200 https://registry.npmjs.org/ansi-styles 73ms (cache miss)
443 http fetch GET 200 https://registry.npmjs.org/ansi-regex 81ms (cache miss)
444 http fetch GET 200 https://registry.npmjs.org/ansi-styles 81ms (cache miss)
445 http fetch GET 200 https://registry.npmjs.org/eastasianwidth 83ms (cache miss)
446 http fetch GET 200 https://registry.npmjs.org/emoji-regex 94ms (cache miss)
447 http fetch GET 200 https://registry.npmjs.org/is-fullwidth-code-point 93ms (cache miss)
448 timing idealTree:node_modules/@isaacs/cliui Completed in 100ms
449 timing idealTree:node_modules/@pkgjs/parseargs Completed in 0ms
450 timing idealTree:node_modules/lines-and-columns Completed in 0ms
451 silly placeDep ROOT brace-expansion@2.0.2 OK for: minimatch@9.0.5 want: ^2.0.1
452 silly fetch manifest balanced-match@^1.0.0
453 http fetch GET 200 https://registry.npmjs.org/balanced-match 73ms (cache miss)
454 timing idealTree:node_modules/minimatch Completed in 75ms
455 silly placeDep ROOT balanced-match@1.0.2 OK for: brace-expansion@2.0.2 want: ^1.0.0
456 timing idealTree:node_modules/brace-expansion Completed in 1ms
457 timing idealTree:node_modules/balanced-match Completed in 0ms
458 timing idealTree:node_modules/minipass Completed in 0ms
459 silly placeDep ROOT any-promise@1.3.0 OK for: mz@2.7.0 want: ^1.0.0
460 silly placeDep ROOT object-assign@4.1.1 OK for: mz@2.7.0 want: ^4.0.1
461 silly placeDep ROOT thenify-all@1.6.0 OK for: mz@2.7.0 want: ^1.0.0
462 silly fetch manifest thenify@>= 3.1.0 < 4
463 http fetch GET 200 https://registry.npmjs.org/thenify 74ms (cache miss)
464 timing idealTree:node_modules/mz Completed in 77ms
465 timing idealTree:node_modules/any-promise Completed in 0ms
466 timing idealTree:node_modules/object-assign Completed in 0ms
467 timing idealTree:node_modules/package-json-from-dist Completed in 0ms
468 timing idealTree:node_modules/path-key Completed in 0ms
469 silly placeDep ROOT lru-cache@10.4.3 OK for: path-scurry@1.11.1 want: ^10.2.0
470 timing idealTree:node_modules/path-scurry Completed in 0ms
471 timing idealTree:node_modules/lru-cache Completed in 0ms
472 timing idealTree:node_modules/pirates Completed in 0ms
473 silly placeDep ROOT shebang-regex@3.0.0 OK for: shebang-command@2.0.0 want: ^3.0.0
474 timing idealTree:node_modules/shebang-command Completed in 1ms
475 timing idealTree:node_modules/shebang-regex Completed in 0ms
476 timing idealTree:node_modules/signal-exit Completed in 0ms
477 silly placeDep ROOT eastasianwidth@0.2.0 OK for: string-width@5.1.2 want: ^0.2.0
478 silly placeDep ROOT emoji-regex@9.2.2 OK for: string-width@5.1.2 want: ^9.2.2
479 timing idealTree:node_modules/string-width Completed in 1ms
480 timing idealTree:node_modules/eastasianwidth Completed in 0ms
481 timing idealTree:node_modules/emoji-regex Completed in 0ms
482 silly placeDep node_modules/string-width-cjs emoji-regex@8.0.0 OK for: string-width@4.2.3 want: ^8.0.0
483 silly placeDep ROOT is-fullwidth-code-point@3.0.0 OK for: string-width@4.2.3 want: ^3.0.0
484 silly placeDep node_modules/string-width-cjs strip-ansi@6.0.1 OK for: string-width@4.2.3 want: ^6.0.1
485 timing idealTree:node_modules/string-width-cjs Completed in 1ms
486 timing idealTree:node_modules/is-fullwidth-code-point Completed in 0ms
487 silly placeDep ROOT ansi-regex@6.2.2 OK for: strip-ansi@7.1.2 want: ^6.0.1
488 timing idealTree:node_modules/strip-ansi Completed in 1ms
489 timing idealTree:node_modules/ansi-regex Completed in 0ms
490 silly placeDep node_modules/strip-ansi-cjs ansi-regex@5.0.1 OK for: strip-ansi@6.0.1 want: ^5.0.1
491 timing idealTree:node_modules/strip-ansi-cjs Completed in 0ms
492 timing idealTree:node_modules/supports-preserve-symlinks-flag Completed in 0ms
493 silly placeDep ROOT thenify@3.3.1 OK for: thenify-all@1.6.0 want: >= 3.1.0 < 4
494 timing idealTree:node_modules/thenify-all Completed in 0ms
495 timing idealTree:node_modules/thenify Completed in 0ms
496 silly placeDep ROOT is-number@7.0.0 OK for: to-regex-range@5.0.1 want: ^7.0.0
497 timing idealTree:node_modules/to-regex-range Completed in 0ms
498 timing idealTree:node_modules/is-number Completed in 0ms
499 timing idealTree:node_modules/ts-interface-checker Completed in 0ms
500 silly placeDep ROOT escalade@3.2.0 OK for: update-browserslist-db@1.1.3 want: ^3.2.0
501 timing idealTree:node_modules/update-browserslist-db Completed in 1ms
502 timing idealTree:node_modules/escalade Completed in 0ms
503 timing idealTree:node_modules/util-deprecate Completed in 0ms
504 silly placeDep ROOT isexe@2.0.0 OK for: which@2.0.2 want: ^2.0.0
505 timing idealTree:node_modules/which Completed in 0ms
506 timing idealTree:node_modules/isexe Completed in 0ms
507 silly placeDep ROOT ansi-styles@6.2.3 OK for: wrap-ansi@8.1.0 want: ^6.1.0
508 timing idealTree:node_modules/wrap-ansi Completed in 1ms
509 timing idealTree:node_modules/ansi-styles Completed in 0ms
510 silly placeDep node_modules/wrap-ansi-cjs ansi-styles@4.3.0 OK for: wrap-ansi@7.0.0 want: ^4.0.0
511 silly placeDep node_modules/wrap-ansi-cjs string-width@4.2.3 OK for: wrap-ansi@7.0.0 want: ^4.1.0
512 silly placeDep node_modules/wrap-ansi-cjs strip-ansi@6.0.1 OK for: wrap-ansi@7.0.0 want: ^6.0.0
513 silly fetch manifest color-convert@^2.0.1
514 http fetch GET 200 https://registry.npmjs.org/color-convert 109ms (cache miss)
515 timing idealTree:node_modules/wrap-ansi-cjs Completed in 110ms
516 timing idealTree:node_modules/yaml Completed in 0ms
517 timing idealTree:node_modules/chokidar/node_modules/glob-parent Completed in 0ms
518 timing idealTree:node_modules/fast-glob/node_modules/glob-parent Completed in 0ms
519 timing idealTree:node_modules/string-width-cjs/node_modules/emoji-regex Completed in 0ms
520 silly placeDep node_modules/string-width-cjs ansi-regex@5.0.1 OK for: strip-ansi@6.0.1 want: ^5.0.1
521 timing idealTree:node_modules/string-width-cjs/node_modules/strip-ansi Completed in 1ms
522 timing idealTree:node_modules/string-width-cjs/node_modules/ansi-regex Completed in 0ms
523 timing idealTree:node_modules/strip-ansi-cjs/node_modules/ansi-regex Completed in 0ms
524 silly placeDep ROOT color-convert@2.0.1 OK for: ansi-styles@4.3.0 want: ^2.0.1
525 silly fetch manifest color-name@~1.1.4
526 http fetch GET 200 https://registry.npmjs.org/color-name 71ms (cache miss)
527 timing idealTree:node_modules/wrap-ansi-cjs/node_modules/ansi-styles Completed in 73ms
528 silly placeDep ROOT color-name@1.1.4 OK for: color-convert@2.0.1 want: ~1.1.4
529 timing idealTree:node_modules/color-convert Completed in 1ms
530 timing idealTree:node_modules/color-name Completed in 0ms
531 silly placeDep node_modules/wrap-ansi-cjs emoji-regex@8.0.0 OK for: string-width@4.2.3 want: ^8.0.0
532 timing idealTree:node_modules/wrap-ansi-cjs/node_modules/string-width Completed in 0ms
533 timing idealTree:node_modules/wrap-ansi-cjs/node_modules/emoji-regex Completed in 0ms
534 silly placeDep node_modules/wrap-ansi-cjs ansi-regex@5.0.1 OK for: strip-ansi@6.0.1 want: ^5.0.1
535 timing idealTree:node_modules/wrap-ansi-cjs/node_modules/strip-ansi Completed in 1ms
536 timing idealTree:node_modules/wrap-ansi-cjs/node_modules/ansi-regex Completed in 0ms
537 timing idealTree:buildDeps Completed in 4832ms
538 timing idealTree:fixDepFlags Completed in 2ms
539 timing idealTree Completed in 4840ms
540 timing reify:loadTrees Completed in 4841ms
541 timing reify:diffTrees Completed in 2ms
542 silly reify moves {}
543 timing reify:retireShallow Completed in 0ms
544 timing reify:createSparse Completed in 8ms
545 timing reify:loadBundles Completed in 0ms
546 silly audit bulk request {
546 silly audit   autoprefixer: [ '10.4.21' ],
546 silly audit   postcss: [ '8.5.6' ],
546 silly audit   daisyui: [ '5.1.13' ],
546 silly audit   tailwindcss: [ '3.4.17' ],
546 silly audit   browserslist: [ '4.26.2' ],
546 silly audit   'caniuse-lite': [ '1.0.30001743' ],
546 silly audit   'fraction.js': [ '4.3.7' ],
546 silly audit   'normalize-range': [ '0.1.2' ],
546 silly audit   picocolors: [ '1.1.1' ],
546 silly audit   'postcss-value-parser': [ '4.2.0' ],
546 silly audit   'baseline-browser-mapping': [ '2.8.6' ],
546 silly audit   'electron-to-chromium': [ '1.5.222' ],
546 silly audit   'node-releases': [ '2.0.21' ],
546 silly audit   'update-browserslist-db': [ '1.1.3' ],
546 silly audit   nanoid: [ '3.3.11' ],
546 silly audit   'source-map-js': [ '1.2.1' ],
546 silly audit   '@alloc/quick-lru': [ '5.2.0' ],
546 silly audit   arg: [ '5.0.2' ],
546 silly audit   chokidar: [ '3.6.0' ],
546 silly audit   didyoumean: [ '1.2.2' ],
546 silly audit   dlv: [ '1.1.3' ],
546 silly audit   'fast-glob': [ '3.3.3' ],
546 silly audit   'glob-parent': [ '6.0.2', '5.1.2' ],
546 silly audit   'is-glob': [ '4.0.3' ],
546 silly audit   jiti: [ '1.21.7' ],
546 silly audit   lilconfig: [ '3.1.3' ],
546 silly audit   micromatch: [ '4.0.8' ],
546 silly audit   'normalize-path': [ '3.0.0' ],
546 silly audit   'object-hash': [ '3.0.0' ],
546 silly audit   'postcss-import': [ '15.1.0' ],
546 silly audit   'postcss-js': [ '4.1.0' ],
546 silly audit   'postcss-load-config': [ '4.0.2' ],
546 silly audit   'postcss-nested': [ '6.2.0' ],
546 silly audit   'postcss-selector-parser': [ '6.1.2' ],
546 silly audit   resolve: [ '1.22.10' ],
546 silly audit   sucrase: [ '3.35.0' ],
546 silly audit   anymatch: [ '3.1.3' ],
546 silly audit   braces: [ '3.0.3' ],
546 silly audit   fsevents: [ '2.3.3' ],
546 silly audit   'is-binary-path': [ '2.1.0' ],
546 silly audit   readdirp: [ '3.6.0' ],
546 silly audit   picomatch: [ '2.3.1' ],
546 silly audit   'fill-range': [ '7.1.1' ],
546 silly audit   '@nodelib/fs.stat': [ '2.0.5' ],
546 silly audit   '@nodelib/fs.walk': [ '1.2.8' ],
546 silly audit   merge2: [ '1.4.1' ],
546 silly audit   '@nodelib/fs.scandir': [ '2.1.5' ],
546 silly audit   fastq: [ '1.19.1' ],
546 silly audit   'run-parallel': [ '1.2.0' ],
546 silly audit   reusify: [ '1.1.0' ],
546 silly audit   'to-regex-range': [ '5.0.1' ],
546 silly audit   'binary-extensions': [ '2.3.0' ],
546 silly audit   'is-extglob': [ '2.1.1' ],
546 silly audit   'read-cache': [ '1.0.0' ],
546 silly audit   'camelcase-css': [ '2.0.1' ],
546 silly audit   yaml: [ '2.8.1' ],
546 silly audit   cssesc: [ '3.0.0' ],
546 silly audit   'util-deprecate': [ '1.0.2' ],
546 silly audit   pify: [ '2.3.0' ],
546 silly audit   'is-core-module': [ '2.16.1' ],
546 silly audit   'path-parse': [ '1.0.7' ],
546 silly audit   'supports-preserve-symlinks-flag': [ '1.0.0' ],
546 silly audit   hasown: [ '2.0.2' ],
546 silly audit   'function-bind': [ '1.1.2' ],
546 silly audit   'queue-microtask': [ '1.2.3' ],
546 silly audit   '@jridgewell/gen-mapping': [ '0.3.13' ],
546 silly audit   commander: [ '4.1.1' ],
546 silly audit   glob: [ '10.4.5' ],
546 silly audit   'lines-and-columns': [ '1.2.4' ],
546 silly audit   mz: [ '2.7.0' ],
546 silly audit   pirates: [ '4.0.7' ],
546 silly audit   'ts-interface-checker': [ '0.1.13' ],
546 silly audit   '@jridgewell/sourcemap-codec': [ '1.5.5' ],
546 silly audit   '@jridgewell/trace-mapping': [ '0.3.31' ],
546 silly audit   '@jridgewell/resolve-uri': [ '3.1.2' ],
546 silly audit   'foreground-child': [ '3.3.1' ],
546 silly audit   jackspeak: [ '3.4.3' ],
546 silly audit   minimatch: [ '9.0.5' ],
546 silly audit   minipass: [ '7.1.2' ],
546 silly audit   'package-json-from-dist': [ '1.0.1' ],
546 silly audit   'path-scurry': [ '1.11.1' ],
546 silly audit   'cross-spawn': [ '7.0.6' ],
546 silly audit   'signal-exit': [ '4.1.0' ],
546 silly audit   'path-key': [ '3.1.1' ],
546 silly audit   'shebang-command': [ '2.0.0' ],
546 silly audit   which: [ '2.0.2' ],
546 silly audit   '@isaacs/cliui': [ '8.0.2' ],
546 silly audit   '@pkgjs/parseargs': [ '0.11.0' ],
546 silly audit   'string-width': [ '5.1.2', '4.2.3' ],
546 silly audit   'strip-ansi': [ '7.1.2', '6.0.1' ],
546 silly audit   'wrap-ansi': [ '8.1.0', '7.0.0' ],
546 silly audit   'brace-expansion': [ '2.0.2' ],
546 silly audit   'balanced-match': [ '1.0.2' ],
546 silly audit   'any-promise': [ '1.3.0' ],
546 silly audit   'object-assign': [ '4.1.1' ],
546 silly audit   'thenify-all': [ '1.6.0' ],
546 silly audit   'lru-cache': [ '10.4.3' ],
546 silly audit   'shebang-regex': [ '3.0.0' ],
546 silly audit   eastasianwidth: [ '0.2.0' ],
546 silly audit   'emoji-regex': [ '9.2.2', '8.0.0' ],
546 silly audit   'is-fullwidth-code-point': [ '3.0.0' ],
546 silly audit   'ansi-regex': [ '6.2.2', '5.0.1' ],
546 silly audit   thenify: [ '3.3.1' ],
546 silly audit   'is-number': [ '7.0.0' ],
546 silly audit   escalade: [ '3.2.0' ],
546 silly audit   isexe: [ '2.0.0' ],
546 silly audit   'ansi-styles': [ '6.2.3', '4.3.0' ],
546 silly audit   'color-convert': [ '2.0.1' ],
546 silly audit   'color-name': [ '1.1.4' ]
546 silly audit }
547 silly tarball no local data for color-name@https://registry.npmjs.org/color-name/-/color-name-1.1.4.tgz. Extracting by manifest.
548 silly tarball no local data for color-convert@https://registry.npmjs.org/color-convert/-/color-convert-2.0.1.tgz. Extracting by manifest.
549 silly tarball no local data for escalade@https://registry.npmjs.org/escalade/-/escalade-3.2.0.tgz. Extracting by manifest.
550 silly tarball no local data for ansi-styles@https://registry.npmjs.org/ansi-styles/-/ansi-styles-6.2.3.tgz. Extracting by manifest.
551 silly tarball no local data for thenify@https://registry.npmjs.org/thenify/-/thenify-3.3.1.tgz. Extracting by manifest.
552 silly tarball no local data for isexe@https://registry.npmjs.org/isexe/-/isexe-2.0.0.tgz. Extracting by manifest.
553 silly tarball no local data for ansi-regex@https://registry.npmjs.org/ansi-regex/-/ansi-regex-6.2.2.tgz. Extracting by manifest.
554 silly tarball no local data for is-number@https://registry.npmjs.org/is-number/-/is-number-7.0.0.tgz. Extracting by manifest.
555 silly tarball no local data for is-fullwidth-code-point@https://registry.npmjs.org/is-fullwidth-code-point/-/is-fullwidth-code-point-3.0.0.tgz. Extracting by manifest.
556 silly tarball no local data for emoji-regex@https://registry.npmjs.org/emoji-regex/-/emoji-regex-9.2.2.tgz. Extracting by manifest.
557 silly tarball no local data for eastasianwidth@https://registry.npmjs.org/eastasianwidth/-/eastasianwidth-0.2.0.tgz. Extracting by manifest.
558 silly tarball no local data for shebang-regex@https://registry.npmjs.org/shebang-regex/-/shebang-regex-3.0.0.tgz. Extracting by manifest.
559 silly tarball no local data for lru-cache@https://registry.npmjs.org/lru-cache/-/lru-cache-10.4.3.tgz. Extracting by manifest.
560 silly tarball no local data for any-promise@https://registry.npmjs.org/any-promise/-/any-promise-1.3.0.tgz. Extracting by manifest.
561 silly tarball no local data for balanced-match@https://registry.npmjs.org/balanced-match/-/balanced-match-1.0.2.tgz. Extracting by manifest.
562 silly tarball no local data for thenify-all@https://registry.npmjs.org/thenify-all/-/thenify-all-1.6.0.tgz. Extracting by manifest.
563 silly tarball no local data for object-assign@https://registry.npmjs.org/object-assign/-/object-assign-4.1.1.tgz. Extracting by manifest.
564 silly tarball no local data for wrap-ansi-cjs@https://registry.npmjs.org/wrap-ansi/-/wrap-ansi-7.0.0.tgz. Extracting by manifest.
565 silly tarball no local data for brace-expansion@https://registry.npmjs.org/brace-expansion/-/brace-expansion-2.0.2.tgz. Extracting by manifest.
566 silly tarball no local data for string-width-cjs@https://registry.npmjs.org/string-width/-/string-width-4.2.3.tgz. Extracting by manifest.
567 silly tarball no local data for @pkgjs/parseargs@https://registry.npmjs.org/@pkgjs/parseargs/-/parseargs-0.11.0.tgz. Extracting by manifest.
568 silly tarball no local data for @isaacs/cliui@https://registry.npmjs.org/@isaacs/cliui/-/cliui-8.0.2.tgz. Extracting by manifest.
569 silly tarball no local data for string-width@https://registry.npmjs.org/string-width/-/string-width-5.1.2.tgz. Extracting by manifest.
570 silly tarball no local data for wrap-ansi@https://registry.npmjs.org/wrap-ansi/-/wrap-ansi-8.1.0.tgz. Extracting by manifest.
571 silly tarball no local data for strip-ansi@https://registry.npmjs.org/strip-ansi/-/strip-ansi-7.1.2.tgz. Extracting by manifest.
572 silly tarball no local data for which@https://registry.npmjs.org/which/-/which-2.0.2.tgz. Extracting by manifest.
573 silly tarball no local data for strip-ansi-cjs@https://registry.npmjs.org/strip-ansi/-/strip-ansi-6.0.1.tgz. Extracting by manifest.
574 silly tarball no local data for shebang-command@https://registry.npmjs.org/shebang-command/-/shebang-command-2.0.0.tgz. Extracting by manifest.
575 silly tarball no local data for path-key@https://registry.npmjs.org/path-key/-/path-key-3.1.1.tgz. Extracting by manifest.
576 silly tarball no local data for path-scurry@https://registry.npmjs.org/path-scurry/-/path-scurry-1.11.1.tgz. Extracting by manifest.
577 silly tarball no local data for package-json-from-dist@https://registry.npmjs.org/package-json-from-dist/-/package-json-from-dist-1.0.1.tgz. Extracting by manifest.
578 silly tarball no local data for cross-spawn@https://registry.npmjs.org/cross-spawn/-/cross-spawn-7.0.6.tgz. Extracting by manifest.
579 silly tarball no local data for signal-exit@https://registry.npmjs.org/signal-exit/-/signal-exit-4.1.0.tgz. Extracting by manifest.
580 silly tarball no local data for minipass@https://registry.npmjs.org/minipass/-/minipass-7.1.2.tgz. Extracting by manifest.
581 silly tarball no local data for foreground-child@https://registry.npmjs.org/foreground-child/-/foreground-child-3.3.1.tgz. Extracting by manifest.
582 silly tarball no local data for jackspeak@https://registry.npmjs.org/jackspeak/-/jackspeak-3.4.3.tgz. Extracting by manifest.
583 silly tarball no local data for @jridgewell/resolve-uri@https://registry.npmjs.org/@jridgewell/resolve-uri/-/resolve-uri-3.1.2.tgz. Extracting by manifest.
584 silly tarball no local data for @jridgewell/sourcemap-codec@https://registry.npmjs.org/@jridgewell/sourcemap-codec/-/sourcemap-codec-1.5.5.tgz. Extracting by manifest.
585 silly tarball no local data for minimatch@https://registry.npmjs.org/minimatch/-/minimatch-9.0.5.tgz. Extracting by manifest.
586 silly tarball no local data for @jridgewell/trace-mapping@https://registry.npmjs.org/@jridgewell/trace-mapping/-/trace-mapping-0.3.31.tgz. Extracting by manifest.
587 silly tarball no local data for ts-interface-checker@https://registry.npmjs.org/ts-interface-checker/-/ts-interface-checker-0.1.13.tgz. Extracting by manifest.
588 silly tarball no local data for mz@https://registry.npmjs.org/mz/-/mz-2.7.0.tgz. Extracting by manifest.
589 silly tarball no local data for lines-and-columns@https://registry.npmjs.org/lines-and-columns/-/lines-and-columns-1.2.4.tgz. Extracting by manifest.
590 silly tarball no local data for pirates@https://registry.npmjs.org/pirates/-/pirates-4.0.7.tgz. Extracting by manifest.
591 silly tarball no local data for commander@https://registry.npmjs.org/commander/-/commander-4.1.1.tgz. Extracting by manifest.
592 silly tarball no local data for @jridgewell/gen-mapping@https://registry.npmjs.org/@jridgewell/gen-mapping/-/gen-mapping-0.3.13.tgz. Extracting by manifest.
593 silly tarball no local data for queue-microtask@https://registry.npmjs.org/queue-microtask/-/queue-microtask-1.2.3.tgz. Extracting by manifest.
594 silly tarball no local data for function-bind@https://registry.npmjs.org/function-bind/-/function-bind-1.1.2.tgz. Extracting by manifest.
595 silly tarball no local data for glob@https://registry.npmjs.org/glob/-/glob-10.4.5.tgz. Extracting by manifest.
596 silly tarball no local data for hasown@https://registry.npmjs.org/hasown/-/hasown-2.0.2.tgz. Extracting by manifest.
597 silly tarball no local data for supports-preserve-symlinks-flag@https://registry.npmjs.org/supports-preserve-symlinks-flag/-/supports-preserve-symlinks-flag-1.0.0.tgz. Extracting by manifest.
598 silly tarball no local data for path-parse@https://registry.npmjs.org/path-parse/-/path-parse-1.0.7.tgz. Extracting by manifest.
599 silly tarball no local data for is-core-module@https://registry.npmjs.org/is-core-module/-/is-core-module-2.16.1.tgz. Extracting by manifest.
600 silly tarball no local data for pify@https://registry.npmjs.org/pify/-/pify-2.3.0.tgz. Extracting by manifest.
601 silly tarball no local data for util-deprecate@https://registry.npmjs.org/util-deprecate/-/util-deprecate-1.0.2.tgz. Extracting by manifest.
602 silly tarball no local data for cssesc@https://registry.npmjs.org/cssesc/-/cssesc-3.0.0.tgz. Extracting by manifest.
603 silly tarball no local data for yaml@https://registry.npmjs.org/yaml/-/yaml-2.8.1.tgz. Extracting by manifest.
604 silly tarball no local data for camelcase-css@https://registry.npmjs.org/camelcase-css/-/camelcase-css-2.0.1.tgz. Extracting by manifest.
605 silly tarball no local data for read-cache@https://registry.npmjs.org/read-cache/-/read-cache-1.0.0.tgz. Extracting by manifest.
606 silly tarball no local data for binary-extensions@https://registry.npmjs.org/binary-extensions/-/binary-extensions-2.3.0.tgz. Extracting by manifest.
607 silly tarball no local data for is-extglob@https://registry.npmjs.org/is-extglob/-/is-extglob-2.1.1.tgz. Extracting by manifest.
608 silly tarball no local data for to-regex-range@https://registry.npmjs.org/to-regex-range/-/to-regex-range-5.0.1.tgz. Extracting by manifest.
609 silly tarball no local data for reusify@https://registry.npmjs.org/reusify/-/reusify-1.1.0.tgz. Extracting by manifest.
610 silly tarball no local data for run-parallel@https://registry.npmjs.org/run-parallel/-/run-parallel-1.2.0.tgz. Extracting by manifest.
611 silly tarball no local data for fastq@https://registry.npmjs.org/fastq/-/fastq-1.19.1.tgz. Extracting by manifest.
612 silly tarball no local data for @nodelib/fs.scandir@https://registry.npmjs.org/@nodelib/fs.scandir/-/fs.scandir-2.1.5.tgz. Extracting by manifest.
613 silly tarball no local data for merge2@https://registry.npmjs.org/merge2/-/merge2-1.4.1.tgz. Extracting by manifest.
614 silly tarball no local data for @nodelib/fs.stat@https://registry.npmjs.org/@nodelib/fs.stat/-/fs.stat-2.0.5.tgz. Extracting by manifest.
615 silly tarball no local data for fill-range@https://registry.npmjs.org/fill-range/-/fill-range-7.1.1.tgz. Extracting by manifest.
616 silly tarball no local data for readdirp@https://registry.npmjs.org/readdirp/-/readdirp-3.6.0.tgz. Extracting by manifest.
617 silly tarball no local data for picomatch@https://registry.npmjs.org/picomatch/-/picomatch-2.3.1.tgz. Extracting by manifest.
618 silly tarball no local data for @nodelib/fs.walk@https://registry.npmjs.org/@nodelib/fs.walk/-/fs.walk-1.2.8.tgz. Extracting by manifest.
619 silly tarball no local data for is-binary-path@https://registry.npmjs.org/is-binary-path/-/is-binary-path-2.1.0.tgz. Extracting by manifest.
620 silly tarball no local data for fsevents@https://registry.npmjs.org/fsevents/-/fsevents-2.3.3.tgz. Extracting by manifest.
621 silly tarball no local data for braces@https://registry.npmjs.org/braces/-/braces-3.0.3.tgz. Extracting by manifest.
622 silly tarball no local data for resolve@https://registry.npmjs.org/resolve/-/resolve-1.22.10.tgz. Extracting by manifest.
623 silly tarball no local data for anymatch@https://registry.npmjs.org/anymatch/-/anymatch-3.1.3.tgz. Extracting by manifest.
624 silly tarball no local data for postcss-selector-parser@https://registry.npmjs.org/postcss-selector-parser/-/postcss-selector-parser-6.1.2.tgz. Extracting by manifest.
625 silly tarball no local data for postcss-nested@https://registry.npmjs.org/postcss-nested/-/postcss-nested-6.2.0.tgz. Extracting by manifest.
626 silly tarball no local data for sucrase@https://registry.npmjs.org/sucrase/-/sucrase-3.35.0.tgz. Extracting by manifest.
627 silly tarball no local data for postcss-js@https://registry.npmjs.org/postcss-js/-/postcss-js-4.1.0.tgz. Extracting by manifest.
628 silly tarball no local data for postcss-import@https://registry.npmjs.org/postcss-import/-/postcss-import-15.1.0.tgz. Extracting by manifest.
629 silly tarball no local data for postcss-load-config@https://registry.npmjs.org/postcss-load-config/-/postcss-load-config-4.0.2.tgz. Extracting by manifest.
630 silly tarball no local data for object-hash@https://registry.npmjs.org/object-hash/-/object-hash-3.0.0.tgz. Extracting by manifest.
631 silly tarball no local data for lilconfig@https://registry.npmjs.org/lilconfig/-/lilconfig-3.1.3.tgz. Extracting by manifest.
632 silly tarball no local data for normalize-path@https://registry.npmjs.org/normalize-path/-/normalize-path-3.0.0.tgz. Extracting by manifest.
633 silly tarball no local data for micromatch@https://registry.npmjs.org/micromatch/-/micromatch-4.0.8.tgz. Extracting by manifest.
634 silly tarball no local data for jiti@https://registry.npmjs.org/jiti/-/jiti-1.21.7.tgz. Extracting by manifest.
635 silly tarball no local data for glob-parent@https://registry.npmjs.org/glob-parent/-/glob-parent-6.0.2.tgz. Extracting by manifest.
636 silly tarball no local data for dlv@https://registry.npmjs.org/dlv/-/dlv-1.1.3.tgz. Extracting by manifest.
637 silly tarball no local data for is-glob@https://registry.npmjs.org/is-glob/-/is-glob-4.0.3.tgz. Extracting by manifest.
638 silly tarball no local data for fast-glob@https://registry.npmjs.org/fast-glob/-/fast-glob-3.3.3.tgz. Extracting by manifest.
639 silly tarball no local data for @alloc/quick-lru@https://registry.npmjs.org/@alloc/quick-lru/-/quick-lru-5.2.0.tgz. Extracting by manifest.
640 silly tarball no local data for didyoumean@https://registry.npmjs.org/didyoumean/-/didyoumean-1.2.2.tgz. Extracting by manifest.
641 silly tarball no local data for arg@https://registry.npmjs.org/arg/-/arg-5.0.2.tgz. Extracting by manifest.
642 silly tarball no local data for source-map-js@https://registry.npmjs.org/source-map-js/-/source-map-js-1.2.1.tgz. Extracting by manifest.
643 silly tarball no local data for chokidar@https://registry.npmjs.org/chokidar/-/chokidar-3.6.0.tgz. Extracting by manifest.
644 silly tarball no local data for nanoid@https://registry.npmjs.org/nanoid/-/nanoid-3.3.11.tgz. Extracting by manifest.
645 silly tarball no local data for node-releases@https://registry.npmjs.org/node-releases/-/node-releases-2.0.21.tgz. Extracting by manifest.
646 silly tarball no local data for electron-to-chromium@https://registry.npmjs.org/electron-to-chromium/-/electron-to-chromium-1.5.222.tgz. Extracting by manifest.
647 silly tarball no local data for baseline-browser-mapping@https://registry.npmjs.org/baseline-browser-mapping/-/baseline-browser-mapping-2.8.6.tgz. Extracting by manifest.
648 silly tarball no local data for postcss-value-parser@https://registry.npmjs.org/postcss-value-parser/-/postcss-value-parser-4.2.0.tgz. Extracting by manifest.
649 silly tarball no local data for update-browserslist-db@https://registry.npmjs.org/update-browserslist-db/-/update-browserslist-db-1.1.3.tgz. Extracting by manifest.
650 silly tarball no local data for normalize-range@https://registry.npmjs.org/normalize-range/-/normalize-range-0.1.2.tgz. Extracting by manifest.
651 silly tarball no local data for fraction.js@https://registry.npmjs.org/fraction.js/-/fraction.js-4.3.7.tgz. Extracting by manifest.
652 silly tarball no local data for browserslist@https://registry.npmjs.org/browserslist/-/browserslist-4.26.2.tgz. Extracting by manifest.
653 silly tarball no local data for picocolors@https://registry.npmjs.org/picocolors/-/picocolors-1.1.1.tgz. Extracting by manifest.
654 silly tarball no local data for daisyui@https://registry.npmjs.org/daisyui/-/daisyui-5.1.13.tgz. Extracting by manifest.
655 silly tarball no local data for tailwindcss@https://registry.npmjs.org/tailwindcss/-/tailwindcss-3.4.17.tgz. Extracting by manifest.
656 silly tarball no local data for caniuse-lite@https://registry.npmjs.org/caniuse-lite/-/caniuse-lite-1.0.30001743.tgz. Extracting by manifest.
657 silly tarball no local data for autoprefixer@https://registry.npmjs.org/autoprefixer/-/autoprefixer-10.4.21.tgz. Extracting by manifest.
658 silly tarball no local data for ansi-regex@https://registry.npmjs.org/ansi-regex/-/ansi-regex-5.0.1.tgz. Extracting by manifest.
659 silly tarball no local data for postcss@https://registry.npmjs.org/postcss/-/postcss-8.5.6.tgz. Extracting by manifest.
660 silly tarball no local data for strip-ansi@https://registry.npmjs.org/strip-ansi/-/strip-ansi-6.0.1.tgz. Extracting by manifest.
661 silly tarball no local data for string-width@https://registry.npmjs.org/string-width/-/string-width-4.2.3.tgz. Extracting by manifest.
662 silly tarball no local data for ansi-styles@https://registry.npmjs.org/ansi-styles/-/ansi-styles-4.3.0.tgz. Extracting by manifest.
663 silly tarball no local data for ansi-regex@https://registry.npmjs.org/ansi-regex/-/ansi-regex-5.0.1.tgz. Extracting by manifest.
664 silly tarball no local data for ansi-regex@https://registry.npmjs.org/ansi-regex/-/ansi-regex-5.0.1.tgz. Extracting by manifest.
665 silly tarball no local data for emoji-regex@https://registry.npmjs.org/emoji-regex/-/emoji-regex-8.0.0.tgz. Extracting by manifest.
666 silly tarball no local data for emoji-regex@https://registry.npmjs.org/emoji-regex/-/emoji-regex-8.0.0.tgz. Extracting by manifest.
667 silly tarball no local data for glob-parent@https://registry.npmjs.org/glob-parent/-/glob-parent-5.1.2.tgz. Extracting by manifest.
668 silly tarball no local data for strip-ansi@https://registry.npmjs.org/strip-ansi/-/strip-ansi-6.0.1.tgz. Extracting by manifest.
669 silly tarball no local data for glob-parent@https://registry.npmjs.org/glob-parent/-/glob-parent-5.1.2.tgz. Extracting by manifest.
670 http fetch POST 200 https://registry.npmjs.org/-/npm/v1/security/advisories/bulk 111ms
671 timing auditReport:getReport Completed in 113ms
672 silly audit report {}
673 timing auditReport:init Completed in 0ms
674 timing reify:audit Completed in 115ms
675 http fetch GET 200 https://registry.npmjs.org/escalade/-/escalade-3.2.0.tgz 149ms (cache miss)
676 http fetch GET 200 https://registry.npmjs.org/is-number/-/is-number-7.0.0.tgz 147ms (cache miss)
677 timing reifyNode:node_modules/is-number Completed in 172ms
678 http fetch GET 200 https://registry.npmjs.org/ansi-styles/-/ansi-styles-6.2.3.tgz 149ms (cache miss)
679 timing reifyNode:node_modules/ansi-styles Completed in 172ms
680 http fetch GET 200 https://registry.npmjs.org/color-name/-/color-name-1.1.4.tgz 151ms (cache miss)
681 timing reifyNode:node_modules/color-name Completed in 173ms
682 http fetch GET 200 https://registry.npmjs.org/shebang-regex/-/shebang-regex-3.0.0.tgz 145ms (cache miss)
683 timing reifyNode:node_modules/shebang-regex Completed in 173ms
684 timing reifyNode:node_modules/escalade Completed in 173ms
685 http fetch GET 200 https://registry.npmjs.org/ansi-regex/-/ansi-regex-6.2.2.tgz 149ms (cache miss)
686 timing reifyNode:node_modules/ansi-regex Completed in 173ms
687 http fetch GET 200 https://registry.npmjs.org/thenify/-/thenify-3.3.1.tgz 152ms (cache miss)
688 timing reifyNode:node_modules/thenify Completed in 175ms
689 http fetch GET 200 https://registry.npmjs.org/color-convert/-/color-convert-2.0.1.tgz 154ms (cache miss)
690 timing reifyNode:node_modules/color-convert Completed in 176ms
691 http fetch GET 200 https://registry.npmjs.org/isexe/-/isexe-2.0.0.tgz 155ms (cache miss)
692 timing reifyNode:node_modules/isexe Completed in 179ms
693 http fetch GET 200 https://registry.npmjs.org/is-fullwidth-code-point/-/is-fullwidth-code-point-3.0.0.tgz 158ms (cache miss)
694 timing reifyNode:node_modules/is-fullwidth-code-point Completed in 183ms
695 http fetch GET 200 https://registry.npmjs.org/emoji-regex/-/emoji-regex-9.2.2.tgz 159ms (cache miss)
696 timing reifyNode:node_modules/emoji-regex Completed in 185ms
697 http fetch GET 200 https://registry.npmjs.org/any-promise/-/any-promise-1.3.0.tgz 156ms (cache miss)
698 timing reifyNode:node_modules/any-promise Completed in 186ms
699 http fetch GET 200 https://registry.npmjs.org/eastasianwidth/-/eastasianwidth-0.2.0.tgz 167ms (cache miss)
700 timing reifyNode:node_modules/eastasianwidth Completed in 194ms
701 http fetch GET 200 https://registry.npmjs.org/balanced-match/-/balanced-match-1.0.2.tgz 165ms (cache miss)
702 timing reifyNode:node_modules/balanced-match Completed in 194ms
703 http fetch GET 200 https://registry.npmjs.org/object-assign/-/object-assign-4.1.1.tgz 190ms (cache miss)
704 timing reifyNode:node_modules/object-assign Completed in 221ms
705 http fetch GET 200 https://registry.npmjs.org/thenify-all/-/thenify-all-1.6.0.tgz 192ms (cache miss)
706 timing reifyNode:node_modules/thenify-all Completed in 221ms
707 http fetch GET 200 https://registry.npmjs.org/strip-ansi/-/strip-ansi-7.1.2.tgz 207ms (cache miss)
708 timing reifyNode:node_modules/strip-ansi Completed in 239ms
709 http fetch GET 200 https://registry.npmjs.org/string-width/-/string-width-4.2.3.tgz 209ms (cache miss)
710 timing reifyNode:node_modules/string-width-cjs Completed in 239ms
711 http fetch GET 200 https://registry.npmjs.org/string-width/-/string-width-5.1.2.tgz 208ms (cache miss)
712 timing reifyNode:node_modules/string-width Completed in 240ms
713 http fetch GET 200 https://registry.npmjs.org/which/-/which-2.0.2.tgz 208ms (cache miss)
714 timing reifyNode:node_modules/which Completed in 240ms
715 http fetch GET 200 https://registry.npmjs.org/wrap-ansi/-/wrap-ansi-8.1.0.tgz 213ms (cache miss)
716 timing reifyNode:node_modules/wrap-ansi Completed in 244ms
717 http fetch GET 200 https://registry.npmjs.org/strip-ansi/-/strip-ansi-6.0.1.tgz 214ms (cache miss)
718 timing reifyNode:node_modules/strip-ansi-cjs Completed in 246ms
719 http fetch GET 200 https://registry.npmjs.org/@isaacs/cliui/-/cliui-8.0.2.tgz 230ms (cache miss)
720 timing reifyNode:node_modules/@isaacs/cliui Completed in 261ms
721 http fetch GET 200 https://registry.npmjs.org/wrap-ansi/-/wrap-ansi-7.0.0.tgz 233ms (cache miss)
722 timing reifyNode:node_modules/wrap-ansi-cjs Completed in 263ms
723 http fetch GET 200 https://registry.npmjs.org/path-key/-/path-key-3.1.1.tgz 229ms (cache miss)
724 timing reifyNode:node_modules/path-key Completed in 262ms
725 http fetch GET 200 https://registry.npmjs.org/@pkgjs/parseargs/-/parseargs-0.11.0.tgz 232ms (cache miss)
726 timing reifyNode:node_modules/@pkgjs/parseargs Completed in 262ms
727 http fetch GET 200 https://registry.npmjs.org/lru-cache/-/lru-cache-10.4.3.tgz 241ms (cache miss)
728 timing reifyNode:node_modules/lru-cache Completed in 269ms
729 http fetch GET 200 https://registry.npmjs.org/package-json-from-dist/-/package-json-from-dist-1.0.1.tgz 237ms (cache miss)
730 timing reifyNode:node_modules/package-json-from-dist Completed in 273ms
731 http fetch GET 200 https://registry.npmjs.org/shebang-command/-/shebang-command-2.0.0.tgz 242ms (cache miss)
732 timing reifyNode:node_modules/shebang-command Completed in 276ms
733 http fetch GET 200 https://registry.npmjs.org/brace-expansion/-/brace-expansion-2.0.2.tgz 257ms (cache miss)
734 timing reifyNode:node_modules/brace-expansion Completed in 288ms
735 http fetch GET 200 https://registry.npmjs.org/minipass/-/minipass-7.1.2.tgz 266ms (cache miss)
736 timing reifyNode:node_modules/minipass Completed in 303ms
737 http fetch GET 200 https://registry.npmjs.org/lines-and-columns/-/lines-and-columns-1.2.4.tgz 285ms (cache miss)
738 timing reifyNode:node_modules/lines-and-columns Completed in 325ms
739 http fetch GET 200 https://registry.npmjs.org/jackspeak/-/jackspeak-3.4.3.tgz 289ms (cache miss)
740 timing reifyNode:node_modules/jackspeak Completed in 326ms
741 http fetch GET 200 https://registry.npmjs.org/@jridgewell/resolve-uri/-/resolve-uri-3.1.2.tgz 310ms (cache miss)
742 timing reifyNode:node_modules/@jridgewell/resolve-uri Completed in 349ms
743 http fetch GET 200 https://registry.npmjs.org/mz/-/mz-2.7.0.tgz 311ms (cache miss)
744 http fetch GET 200 https://registry.npmjs.org/ts-interface-checker/-/ts-interface-checker-0.1.13.tgz 311ms (cache miss)
745 timing reifyNode:node_modules/mz Completed in 352ms
746 http fetch GET 200 https://registry.npmjs.org/pirates/-/pirates-4.0.7.tgz 312ms (cache miss)
747 timing reifyNode:node_modules/pirates Completed in 353ms
748 timing reifyNode:node_modules/ts-interface-checker Completed in 354ms
749 http fetch GET 200 https://registry.npmjs.org/cross-spawn/-/cross-spawn-7.0.6.tgz 318ms (cache miss)
750 timing reifyNode:node_modules/cross-spawn Completed in 354ms
751 http fetch GET 200 https://registry.npmjs.org/commander/-/commander-4.1.1.tgz 319ms (cache miss)
752 timing reifyNode:node_modules/commander Completed in 360ms
753 http fetch GET 200 https://registry.npmjs.org/minimatch/-/minimatch-9.0.5.tgz 322ms (cache miss)
754 timing reifyNode:node_modules/minimatch Completed in 361ms
755 http fetch GET 200 https://registry.npmjs.org/signal-exit/-/signal-exit-4.1.0.tgz 326ms (cache miss)
756 http fetch GET 200 https://registry.npmjs.org/@jridgewell/sourcemap-codec/-/sourcemap-codec-1.5.5.tgz 324ms (cache miss)
757 timing reifyNode:node_modules/signal-exit Completed in 363ms
758 timing reifyNode:node_modules/@jridgewell/sourcemap-codec Completed in 363ms
759 http fetch GET 200 https://registry.npmjs.org/@jridgewell/trace-mapping/-/trace-mapping-0.3.31.tgz 327ms (cache miss)
760 timing reifyNode:node_modules/@jridgewell/trace-mapping Completed in 366ms
761 http fetch GET 200 https://registry.npmjs.org/function-bind/-/function-bind-1.1.2.tgz 335ms (cache miss)
762 timing reifyNode:node_modules/function-bind Completed in 379ms
763 http fetch GET 200 https://registry.npmjs.org/path-scurry/-/path-scurry-1.11.1.tgz 345ms (cache miss)
764 timing reifyNode:node_modules/path-scurry Completed in 381ms
765 http fetch GET 200 https://registry.npmjs.org/@jridgewell/gen-mapping/-/gen-mapping-0.3.13.tgz 343ms (cache miss)
766 timing reifyNode:node_modules/@jridgewell/gen-mapping Completed in 384ms
767 http fetch GET 200 https://registry.npmjs.org/queue-microtask/-/queue-microtask-1.2.3.tgz 351ms (cache miss)
768 timing reifyNode:node_modules/queue-microtask Completed in 395ms
769 http fetch GET 200 https://registry.npmjs.org/supports-preserve-symlinks-flag/-/supports-preserve-symlinks-flag-1.0.0.tgz 357ms (cache miss)
770 timing reifyNode:node_modules/supports-preserve-symlinks-flag Completed in 402ms
771 http fetch GET 200 https://registry.npmjs.org/pify/-/pify-2.3.0.tgz 356ms (cache miss)
772 timing reifyNode:node_modules/pify Completed in 402ms
773 http fetch GET 200 https://registry.npmjs.org/is-core-module/-/is-core-module-2.16.1.tgz 369ms (cache miss)
774 timing reifyNode:node_modules/is-core-module Completed in 415ms
775 http fetch GET 200 https://registry.npmjs.org/foreground-child/-/foreground-child-3.3.1.tgz 380ms (cache miss)
776 timing reifyNode:node_modules/foreground-child Completed in 421ms
777 http fetch GET 200 https://registry.npmjs.org/glob/-/glob-10.4.5.tgz 377ms (cache miss)
778 timing reifyNode:node_modules/glob Completed in 424ms
779 http fetch GET 200 https://registry.npmjs.org/util-deprecate/-/util-deprecate-1.0.2.tgz 379ms (cache miss)
780 timing reifyNode:node_modules/util-deprecate Completed in 425ms
781 http fetch GET 200 https://registry.npmjs.org/camelcase-css/-/camelcase-css-2.0.1.tgz 378ms (cache miss)
782 timing reifyNode:node_modules/camelcase-css Completed in 426ms
783 http fetch GET 200 https://registry.npmjs.org/path-parse/-/path-parse-1.0.7.tgz 381ms (cache miss)
784 timing reifyNode:node_modules/path-parse Completed in 426ms
785 http fetch GET 200 https://registry.npmjs.org/is-extglob/-/is-extglob-2.1.1.tgz 399ms (cache miss)
786 timing reifyNode:node_modules/is-extglob Completed in 448ms
787 http fetch GET 200 https://registry.npmjs.org/binary-extensions/-/binary-extensions-2.3.0.tgz 400ms (cache miss)
788 timing reifyNode:node_modules/binary-extensions Completed in 448ms
789 http fetch GET 200 https://registry.npmjs.org/read-cache/-/read-cache-1.0.0.tgz 400ms (cache miss)
790 timing reifyNode:node_modules/read-cache Completed in 448ms
791 http fetch GET 200 https://registry.npmjs.org/run-parallel/-/run-parallel-1.2.0.tgz 402ms (cache miss)
792 timing reifyNode:node_modules/run-parallel Completed in 452ms
793 http fetch GET 200 https://registry.npmjs.org/cssesc/-/cssesc-3.0.0.tgz 412ms (cache miss)
794 timing reifyNode:node_modules/cssesc Completed in 459ms
795 http fetch GET 200 https://registry.npmjs.org/reusify/-/reusify-1.1.0.tgz 415ms (cache miss)
796 http fetch GET 200 https://registry.npmjs.org/hasown/-/hasown-2.0.2.tgz 420ms (cache miss)
797 timing reifyNode:node_modules/hasown Completed in 465ms
798 timing reifyNode:node_modules/reusify Completed in 465ms
799 http fetch GET 200 https://registry.npmjs.org/merge2/-/merge2-1.4.1.tgz 420ms (cache miss)
800 timing reifyNode:node_modules/merge2 Completed in 474ms
801 http fetch GET 200 https://registry.npmjs.org/fastq/-/fastq-1.19.1.tgz 427ms (cache miss)
802 timing reifyNode:node_modules/fastq Completed in 477ms
803 http fetch GET 200 https://registry.npmjs.org/to-regex-range/-/to-regex-range-5.0.1.tgz 431ms (cache miss)
804 timing reifyNode:node_modules/to-regex-range Completed in 480ms
805 http fetch GET 200 https://registry.npmjs.org/yaml/-/yaml-2.8.1.tgz 449ms (cache miss)
806 timing reifyNode:node_modules/yaml Completed in 496ms
807 http fetch GET 200 https://registry.npmjs.org/fill-range/-/fill-range-7.1.1.tgz 439ms (cache miss)
808 timing reifyNode:node_modules/fill-range Completed in 496ms
809 http fetch GET 200 https://registry.npmjs.org/readdirp/-/readdirp-3.6.0.tgz 439ms (cache miss)
810 timing reifyNode:node_modules/readdirp Completed in 497ms
811 http fetch GET 200 https://registry.npmjs.org/@nodelib/fs.stat/-/fs.stat-2.0.5.tgz 451ms (cache miss)
812 timing reifyNode:node_modules/@nodelib/fs.stat Completed in 506ms
813 http fetch GET 200 https://registry.npmjs.org/picomatch/-/picomatch-2.3.1.tgz 451ms (cache miss)
814 timing reifyNode:node_modules/picomatch Completed in 510ms
815 http fetch GET 200 https://registry.npmjs.org/@nodelib/fs.walk/-/fs.walk-1.2.8.tgz 470ms (cache miss)
816 http fetch GET 200 https://registry.npmjs.org/anymatch/-/anymatch-3.1.3.tgz 465ms (cache miss)
817 timing reifyNode:node_modules/anymatch Completed in 530ms
818 http fetch GET 200 https://registry.npmjs.org/fsevents/-/fsevents-2.3.3.tgz 467ms (cache miss)
819 timing reifyNode:node_modules/fsevents Completed in 530ms
820 http fetch GET 200 https://registry.npmjs.org/@nodelib/fs.scandir/-/fs.scandir-2.1.5.tgz 478ms (cache miss)
821 http fetch GET 200 https://registry.npmjs.org/is-binary-path/-/is-binary-path-2.1.0.tgz 470ms (cache miss)
822 timing reifyNode:node_modules/is-binary-path Completed in 532ms
823 timing reifyNode:node_modules/@nodelib/fs.walk Completed in 534ms
824 timing reifyNode:node_modules/@nodelib/fs.scandir Completed in 534ms
825 http fetch GET 200 https://registry.npmjs.org/postcss-selector-parser/-/postcss-selector-parser-6.1.2.tgz 472ms (cache miss)
826 timing reifyNode:node_modules/postcss-selector-parser Completed in 538ms
827 http fetch GET 200 https://registry.npmjs.org/postcss-nested/-/postcss-nested-6.2.0.tgz 482ms (cache miss)
828 timing reifyNode:node_modules/postcss-nested Completed in 549ms
829 http fetch GET 200 https://registry.npmjs.org/postcss-js/-/postcss-js-4.1.0.tgz 485ms (cache miss)
830 timing reifyNode:node_modules/postcss-js Completed in 552ms
831 http fetch GET 200 https://registry.npmjs.org/resolve/-/resolve-1.22.10.tgz 499ms (cache miss)
832 timing reifyNode:node_modules/resolve Completed in 566ms
833 http fetch GET 200 https://registry.npmjs.org/lilconfig/-/lilconfig-3.1.3.tgz 491ms (cache miss)
834 timing reifyNode:node_modules/lilconfig Completed in 565ms
835 http fetch GET 200 https://registry.npmjs.org/braces/-/braces-3.0.3.tgz 504ms (cache miss)
836 timing reifyNode:node_modules/braces Completed in 568ms
837 http fetch GET 200 https://registry.npmjs.org/postcss-load-config/-/postcss-load-config-4.0.2.tgz 495ms (cache miss)
838 timing reifyNode:node_modules/postcss-load-config Completed in 568ms
839 http fetch GET 200 https://registry.npmjs.org/glob-parent/-/glob-parent-6.0.2.tgz 514ms (cache miss)
840 timing reifyNode:node_modules/glob-parent Completed in 589ms
841 http fetch GET 200 https://registry.npmjs.org/object-hash/-/object-hash-3.0.0.tgz 517ms (cache miss)
842 timing reifyNode:node_modules/object-hash Completed in 590ms
843 http fetch GET 200 https://registry.npmjs.org/normalize-path/-/normalize-path-3.0.0.tgz 523ms (cache miss)
844 timing reifyNode:node_modules/normalize-path Completed in 597ms
845 http fetch GET 200 https://registry.npmjs.org/didyoumean/-/didyoumean-1.2.2.tgz 547ms (cache miss)
846 timing reifyNode:node_modules/didyoumean Completed in 625ms
847 http fetch GET 200 https://registry.npmjs.org/is-glob/-/is-glob-4.0.3.tgz 559ms (cache miss)
848 timing reifyNode:node_modules/is-glob Completed in 635ms
849 http fetch GET 200 https://registry.npmjs.org/dlv/-/dlv-1.1.3.tgz 564ms (cache miss)
850 timing reifyNode:node_modules/dlv Completed in 639ms
851 http fetch GET 200 https://registry.npmjs.org/@alloc/quick-lru/-/quick-lru-5.2.0.tgz 573ms (cache miss)
852 timing reifyNode:node_modules/@alloc/quick-lru Completed in 649ms
853 http fetch GET 200 https://registry.npmjs.org/nanoid/-/nanoid-3.3.11.tgz 610ms (cache miss)
854 http fetch GET 200 https://registry.npmjs.org/node-releases/-/node-releases-2.0.21.tgz 614ms (cache miss)
855 timing reifyNode:node_modules/node-releases Completed in 695ms
856 http fetch GET 200 https://registry.npmjs.org/micromatch/-/micromatch-4.0.8.tgz 622ms (cache miss)
857 timing reifyNode:node_modules/micromatch Completed in 696ms
858 http fetch GET 200 https://registry.npmjs.org/chokidar/-/chokidar-3.6.0.tgz 618ms (cache miss)
859 http fetch GET 200 https://registry.npmjs.org/postcss-import/-/postcss-import-15.1.0.tgz 631ms (cache miss)
860 timing reifyNode:node_modules/postcss-import Completed in 699ms
861 timing reifyNode:node_modules/chokidar Completed in 699ms
862 http fetch GET 200 https://registry.npmjs.org/electron-to-chromium/-/electron-to-chromium-1.5.222.tgz 623ms (cache miss)
863 http fetch GET 200 https://registry.npmjs.org/fast-glob/-/fast-glob-3.3.3.tgz 626ms (cache miss)
864 timing reifyNode:node_modules/electron-to-chromium Completed in 703ms
865 timing reifyNode:node_modules/fast-glob Completed in 703ms
866 http fetch GET 200 https://registry.npmjs.org/baseline-browser-mapping/-/baseline-browser-mapping-2.8.6.tgz 625ms (cache miss)
867 http fetch GET 200 https://registry.npmjs.org/postcss-value-parser/-/postcss-value-parser-4.2.0.tgz 624ms (cache miss)
868 timing reifyNode:node_modules/nanoid Completed in 704ms
869 timing reifyNode:node_modules/baseline-browser-mapping Completed in 705ms
870 timing reifyNode:node_modules/postcss-value-parser Completed in 705ms
871 http fetch GET 200 https://registry.npmjs.org/update-browserslist-db/-/update-browserslist-db-1.1.3.tgz 626ms (cache miss)
872 timing reifyNode:node_modules/update-browserslist-db Completed in 706ms
873 http fetch GET 200 https://registry.npmjs.org/jiti/-/jiti-1.21.7.tgz 632ms (cache miss)
874 timing reifyNode:node_modules/jiti Completed in 708ms
875 http fetch GET 200 https://registry.npmjs.org/source-map-js/-/source-map-js-1.2.1.tgz 630ms (cache miss)
876 timing reifyNode:node_modules/source-map-js Completed in 708ms
877 http fetch GET 200 https://registry.npmjs.org/browserslist/-/browserslist-4.26.2.tgz 628ms (cache miss)
878 timing reifyNode:node_modules/browserslist Completed in 709ms
879 http fetch GET 200 https://registry.npmjs.org/picocolors/-/picocolors-1.1.1.tgz 632ms (cache miss)
880 timing reifyNode:node_modules/picocolors Completed in 714ms
881 http fetch GET 200 https://registry.npmjs.org/normalize-range/-/normalize-range-0.1.2.tgz 636ms (cache miss)
882 timing reifyNode:node_modules/normalize-range Completed in 716ms
883 http fetch GET 200 https://registry.npmjs.org/sucrase/-/sucrase-3.35.0.tgz 653ms (cache miss)
884 timing reifyNode:node_modules/sucrase Completed in 721ms
885 http fetch GET 200 https://registry.npmjs.org/arg/-/arg-5.0.2.tgz 661ms (cache miss)
886 timing reifyNode:node_modules/arg Completed in 738ms
887 http fetch GET 200 https://registry.npmjs.org/ansi-regex/-/ansi-regex-5.0.1.tgz 703ms (cache miss)
888 timing reifyNode:node_modules/string-width-cjs/node_modules/ansi-regex Completed in 792ms
889 http fetch GET 200 https://registry.npmjs.org/string-width/-/string-width-4.2.3.tgz 709ms (cache miss)
890 timing reifyNode:node_modules/wrap-ansi-cjs/node_modules/string-width Completed in 796ms
891 http fetch GET 200 https://registry.npmjs.org/ansi-regex/-/ansi-regex-5.0.1.tgz 709ms (cache miss)
892 timing reifyNode:node_modules/strip-ansi-cjs/node_modules/ansi-regex Completed in 797ms
893 http fetch GET 200 https://registry.npmjs.org/emoji-regex/-/emoji-regex-8.0.0.tgz 708ms (cache miss)
894 timing reifyNode:node_modules/wrap-ansi-cjs/node_modules/emoji-regex Completed in 799ms
895 http fetch GET 200 https://registry.npmjs.org/emoji-regex/-/emoji-regex-8.0.0.tgz 708ms (cache miss)
896 timing reifyNode:node_modules/string-width-cjs/node_modules/emoji-regex Completed in 798ms
897 http fetch GET 200 https://registry.npmjs.org/strip-ansi/-/strip-ansi-6.0.1.tgz 712ms (cache miss)
898 timing reifyNode:node_modules/wrap-ansi-cjs/node_modules/strip-ansi Completed in 800ms
899 http fetch GET 200 https://registry.npmjs.org/glob-parent/-/glob-parent-5.1.2.tgz 709ms (cache miss)
900 timing reifyNode:node_modules/chokidar/node_modules/glob-parent Completed in 800ms
901 http fetch GET 200 https://registry.npmjs.org/autoprefixer/-/autoprefixer-10.4.21.tgz 738ms (cache miss)
902 timing reifyNode:node_modules/autoprefixer Completed in 822ms
903 http fetch GET 200 https://registry.npmjs.org/fraction.js/-/fraction.js-4.3.7.tgz 746ms (cache miss)
904 timing reifyNode:node_modules/fraction.js Completed in 828ms
905 http fetch GET 200 https://registry.npmjs.org/glob-parent/-/glob-parent-5.1.2.tgz 743ms (cache miss)
906 timing reifyNode:node_modules/fast-glob/node_modules/glob-parent Completed in 835ms
907 http fetch GET 200 https://registry.npmjs.org/ansi-styles/-/ansi-styles-4.3.0.tgz 751ms (cache miss)
908 timing reifyNode:node_modules/wrap-ansi-cjs/node_modules/ansi-styles Completed in 839ms
909 http fetch GET 200 https://registry.npmjs.org/postcss/-/postcss-8.5.6.tgz 762ms (cache miss)
910 timing reifyNode:node_modules/postcss Completed in 847ms
911 http fetch GET 200 https://registry.npmjs.org/daisyui/-/daisyui-5.1.13.tgz 765ms (cache miss)
912 timing reifyNode:node_modules/daisyui Completed in 848ms
913 http fetch GET 200 https://registry.npmjs.org/strip-ansi/-/strip-ansi-6.0.1.tgz 767ms (cache miss)
914 timing reifyNode:node_modules/string-width-cjs/node_modules/strip-ansi Completed in 859ms
915 http fetch GET 200 https://registry.npmjs.org/tailwindcss/-/tailwindcss-3.4.17.tgz 826ms (cache miss)
916 timing reifyNode:node_modules/tailwindcss Completed in 908ms
917 http fetch GET 200 https://registry.npmjs.org/caniuse-lite/-/caniuse-lite-1.0.30001743.tgz 837ms (cache miss)
918 timing reifyNode:node_modules/caniuse-lite Completed in 919ms
919 http fetch GET 200 https://registry.npmjs.org/ansi-regex/-/ansi-regex-5.0.1.tgz 953ms (cache miss)
920 timing reifyNode:node_modules/wrap-ansi-cjs/node_modules/ansi-regex Completed in 1038ms
921 timing reify:unpack Completed in 1038ms
922 timing reify:unretire Completed in 0ms
923 timing build:queue Completed in 2ms
924 timing build:link:node_modules/autoprefixer Completed in 3ms
925 timing build:link:node_modules/baseline-browser-mapping Completed in 2ms
926 timing build:link:node_modules/glob Completed in 2ms
927 timing build:link:node_modules/cssesc Completed in 2ms
928 timing build:link:node_modules/browserslist Completed in 2ms
929 timing build:link:node_modules/nanoid Completed in 2ms
930 timing build:link:node_modules/resolve Completed in 2ms
931 timing build:link:node_modules/jiti Completed in 2ms
932 timing build:link:node_modules/sucrase Completed in 2ms
933 timing build:link:node_modules/update-browserslist-db Completed in 2ms
934 timing build:link:node_modules/tailwindcss Completed in 2ms
935 timing build:link:node_modules/which Completed in 2ms
936 timing build:link:node_modules/yaml Completed in 2ms
937 timing build:link Completed in 3ms
938 timing build:deps Completed in 5ms
939 timing build Completed in 6ms
940 timing reify:build Completed in 6ms
941 timing reify:trash Completed in 0ms
942 timing reify:save Completed in 11ms
943 timing reify Completed in 5919ms
944 silly ADD node_modules/color-name
945 silly ADD node_modules/color-convert
946 silly ADD node_modules/ansi-styles
947 silly ADD node_modules/isexe
948 silly ADD node_modules/escalade
949 silly ADD node_modules/is-number
950 silly ADD node_modules/thenify
951 silly ADD node_modules/ansi-regex
952 silly ADD node_modules/is-fullwidth-code-point
953 silly ADD node_modules/emoji-regex
954 silly ADD node_modules/eastasianwidth
955 silly ADD node_modules/shebang-regex
956 silly ADD node_modules/lru-cache
957 silly ADD node_modules/thenify-all
958 silly ADD node_modules/object-assign
959 silly ADD node_modules/any-promise
960 silly ADD node_modules/balanced-match
961 silly ADD node_modules/brace-expansion
962 silly ADD node_modules/wrap-ansi-cjs
963 silly ADD node_modules/wrap-ansi-cjs/node_modules/ansi-regex
964 silly ADD node_modules/wrap-ansi-cjs/node_modules/emoji-regex
965 silly ADD node_modules/wrap-ansi-cjs/node_modules/strip-ansi
966 silly ADD node_modules/wrap-ansi-cjs/node_modules/string-width
967 silly ADD node_modules/wrap-ansi-cjs/node_modules/ansi-styles
968 silly ADD node_modules/wrap-ansi
969 silly ADD node_modules/strip-ansi-cjs
970 silly ADD node_modules/strip-ansi-cjs/node_modules/ansi-regex
971 silly ADD node_modules/strip-ansi
972 silly ADD node_modules/string-width-cjs
973 silly ADD node_modules/string-width-cjs/node_modules/ansi-regex
974 silly ADD node_modules/string-width-cjs/node_modules/strip-ansi
975 silly ADD node_modules/string-width-cjs/node_modules/emoji-regex
976 silly ADD node_modules/string-width
977 silly ADD node_modules/@pkgjs/parseargs
978 silly ADD node_modules/@isaacs/cliui
979 silly ADD node_modules/which
980 silly ADD node_modules/shebang-command
981 silly ADD node_modules/path-key
982 silly ADD node_modules/signal-exit
983 silly ADD node_modules/cross-spawn
984 silly ADD node_modules/path-scurry
985 silly ADD node_modules/package-json-from-dist
986 silly ADD node_modules/minipass
987 silly ADD node_modules/minimatch
988 silly ADD node_modules/jackspeak
989 silly ADD node_modules/foreground-child
990 silly ADD node_modules/@jridgewell/resolve-uri
991 silly ADD node_modules/@jridgewell/trace-mapping
992 silly ADD node_modules/@jridgewell/sourcemap-codec
993 silly ADD node_modules/ts-interface-checker
994 silly ADD node_modules/pirates
995 silly ADD node_modules/mz
996 silly ADD node_modules/lines-and-columns
997 silly ADD node_modules/glob
998 silly ADD node_modules/commander
999 silly ADD node_modules/@jridgewell/gen-mapping
1000 silly ADD node_modules/queue-microtask
1001 silly ADD node_modules/function-bind
1002 silly ADD node_modules/hasown
1003 silly ADD node_modules/supports-preserve-symlinks-flag
1004 silly ADD node_modules/path-parse
1005 silly ADD node_modules/is-core-module
1006 silly ADD node_modules/pify
1007 silly ADD node_modules/util-deprecate
1008 silly ADD node_modules/cssesc
1009 silly ADD node_modules/yaml
1010 silly ADD node_modules/camelcase-css
1011 silly ADD node_modules/read-cache
1012 silly ADD node_modules/is-extglob
1013 silly ADD node_modules/binary-extensions
1014 silly ADD node_modules/to-regex-range
1015 silly ADD node_modules/reusify
1016 silly ADD node_modules/run-parallel
1017 silly ADD node_modules/fastq
1018 silly ADD node_modules/@nodelib/fs.scandir
1019 silly ADD node_modules/merge2
1020 silly ADD node_modules/@nodelib/fs.walk
1021 silly ADD node_modules/@nodelib/fs.stat
1022 silly ADD node_modules/fill-range
1023 silly ADD node_modules/picomatch
1024 silly ADD node_modules/readdirp
1025 silly ADD node_modules/is-binary-path
1026 silly ADD node_modules/fsevents
1027 silly ADD node_modules/braces
1028 silly ADD node_modules/anymatch
1029 silly ADD node_modules/sucrase
1030 silly ADD node_modules/resolve
1031 silly ADD node_modules/postcss-selector-parser
1032 silly ADD node_modules/postcss-nested
1033 silly ADD node_modules/postcss-load-config
1034 silly ADD node_modules/postcss-js
1035 silly ADD node_modules/postcss-import
1036 silly ADD node_modules/object-hash
1037 silly ADD node_modules/normalize-path
1038 silly ADD node_modules/micromatch
1039 silly ADD node_modules/lilconfig
1040 silly ADD node_modules/jiti
1041 silly ADD node_modules/is-glob
1042 silly ADD node_modules/glob-parent
1043 silly ADD node_modules/fast-glob
1044 silly ADD node_modules/fast-glob/node_modules/glob-parent
1045 silly ADD node_modules/dlv
1046 silly ADD node_modules/didyoumean
1047 silly ADD node_modules/chokidar
1048 silly ADD node_modules/chokidar/node_modules/glob-parent
1049 silly ADD node_modules/arg
1050 silly ADD node_modules/@alloc/quick-lru
1051 silly ADD node_modules/source-map-js
1052 silly ADD node_modules/nanoid
1053 silly ADD node_modules/update-browserslist-db
1054 silly ADD node_modules/node-releases
1055 silly ADD node_modules/electron-to-chromium
1056 silly ADD node_modules/baseline-browser-mapping
1057 silly ADD node_modules/postcss-value-parser
1058 silly ADD node_modules/picocolors
1059 silly ADD node_modules/normalize-range
1060 silly ADD node_modules/fraction.js
1061 silly ADD node_modules/caniuse-lite
1062 silly ADD node_modules/browserslist
1063 silly ADD node_modules/tailwindcss
1064 silly ADD node_modules/daisyui
1065 silly ADD node_modules/postcss
1066 silly ADD node_modules/autoprefixer
1067 timing command:install Completed in 5924ms
1068 verbose exit 0
1069 timing npm Completed in 5950ms
1070 info ok
