0 verbose cli /usr/local/bin/node /usr/local/bin/npm
1 info using npm@9.5.0
2 info using node@v18.14.2
3 timing npm:load:whichnode Completed in 1ms
4 timing config:load:defaults Completed in 3ms
5 timing config:load:file:/usr/local/lib/node_modules/npm/npmrc Completed in 0ms
6 timing config:load:builtin Completed in 0ms
7 timing config:load:cli Completed in 1ms
8 timing config:load:env Completed in 1ms
9 timing config:load:file:/Users/mohsenvafa/code/sfd-root/rxintake_scaffold/.npmrc Completed in 0ms
10 timing config:load:project Completed in 0ms
11 timing config:load:file:/Users/mohsenvafa/.npmrc Completed in 0ms
12 timing config:load:user Completed in 0ms
13 timing config:load:file:/usr/local/etc/npmrc Completed in 0ms
14 timing config:load:global Completed in 0ms
15 timing config:load:setEnvs Completed in 1ms
16 timing config:load Completed in 6ms
17 timing npm:load:configload Completed in 6ms
18 timing npm:load:mkdirpcache Completed in 0ms
19 timing npm:load:mkdirplogs Completed in 0ms
20 verbose title npm install
21 verbose argv "install" "--cache" "./.npm-cache"
22 timing npm:load:setTitle Completed in 1ms
23 timing config:load:flatten Completed in 1ms
24 timing npm:load:display Completed in 1ms
25 verbose logfile logs-max:10 dir:/Users/mohsenvafa/code/sfd-root/rxintake_scaffold/.npm-cache/_logs/2025-09-20T23_24_45_042Z-
26 verbose logfile /Users/mohsenvafa/code/sfd-root/rxintake_scaffold/.npm-cache/_logs/2025-09-20T23_24_45_042Z-debug-0.log
27 timing npm:load:logFile Completed in 2ms
28 timing npm:load:timers Completed in 0ms
29 timing npm:load:configScope Completed in 0ms
30 timing npm:load Completed in 12ms
31 timing arborist:ctor Completed in 0ms
32 silly logfile done cleaning log files
33 timing idealTree:init Completed in 15ms
34 timing idealTree:userRequests Completed in 0ms
35 silly idealTree buildDeps
36 timing idealTree:#root Completed in 0ms
37 timing idealTree:buildDeps Completed in 0ms
38 timing idealTree:fixDepFlags Completed in 0ms
39 timing idealTree Completed in 17ms
40 timing arborist:ctor Completed in 0ms
41 timing reify:loadTrees Completed in 21ms
42 timing reify:diffTrees Completed in 1ms
43 silly reify moves {}
44 timing reify:retireShallow Completed in 1ms
45 timing reify:createSparse Completed in 0ms
46 timing reify:loadBundles Completed in 0ms
47 silly audit bulk request {
47 silly audit   autoprefixer: [ '10.4.21' ],
47 silly audit   'baseline-browser-mapping': [ '2.8.6' ],
47 silly audit   browserslist: [ '4.26.2' ],
47 silly audit   'caniuse-lite': [ '1.0.30001743' ],
47 silly audit   daisyui: [ '5.1.13' ],
47 silly audit   'electron-to-chromium': [ '1.5.222' ],
47 silly audit   escalade: [ '3.2.0' ],
47 silly audit   'fraction.js': [ '4.3.7' ],
47 silly audit   nanoid: [ '3.3.11' ],
47 silly audit   'node-releases': [ '2.0.21' ],
47 silly audit   'normalize-range': [ '0.1.2' ],
47 silly audit   picocolors: [ '1.1.1' ],
47 silly audit   postcss: [ '8.5.6' ],
47 silly audit   'postcss-value-parser': [ '4.2.0' ],
47 silly audit   'source-map-js': [ '1.2.1' ],
47 silly audit   tailwindcss: [ '4.1.13' ],
47 silly audit   'update-browserslist-db': [ '1.1.3' ]
47 silly audit }
48 timing reify:unpack Completed in 0ms
49 timing reify:unretire Completed in 0ms
50 timing build:queue Completed in 0ms
51 timing build:deps Completed in 0ms
52 timing build Completed in 0ms
53 timing reify:build Completed in 0ms
54 timing reify:trash Completed in 0ms
55 silly audit bulk request failed undefined
56 verbose audit error FetchError: request to https://registry.npmjs.org/-/npm/v1/security/audits/quick failed, reason: getaddrinfo ENOTFOUND registry.npmjs.org
56 verbose audit error     at ClientRequest.<anonymous> (/usr/local/lib/node_modules/npm/node_modules/minipass-fetch/lib/index.js:130:14)
56 verbose audit error     at ClientRequest.emit (node:events:513:28)
56 verbose audit error     at TLSSocket.socketErrorListener (node:_http_client:502:9)
56 verbose audit error     at TLSSocket.emit (node:events:525:35)
56 verbose audit error     at emitErrorNT (node:internal/streams/destroy:151:8)
56 verbose audit error     at emitErrorCloseNT (node:internal/streams/destroy:116:3)
56 verbose audit error     at process.processTicksAndRejections (node:internal/process/task_queues:82:21) {
56 verbose audit error   code: 'ENOTFOUND',
56 verbose audit error   errno: 'ENOTFOUND',
56 verbose audit error   syscall: 'getaddrinfo',
56 verbose audit error   hostname: 'registry.npmjs.org',
56 verbose audit error   type: 'system'
56 verbose audit error }
57 silly audit error undefined
58 timing auditReport:getReport Completed in 11ms
59 silly audit report null
60 timing reify:audit Completed in 11ms
61 timing reify:save Completed in 6ms
62 timing reify Completed in 63ms
63 timing command:install Completed in 66ms
64 verbose exit 0
65 timing npm Completed in 82ms
66 info ok
