0 verbose cli /usr/local/bin/node /usr/local/bin/npm
1 info using npm@9.5.0
2 info using node@v18.14.2
3 timing npm:load:whichnode Completed in 1ms
4 timing config:load:defaults Completed in 3ms
5 timing config:load:file:/usr/local/lib/node_modules/npm/npmrc Completed in 0ms
6 timing config:load:builtin Completed in 0ms
7 timing config:load:cli Completed in 1ms
8 timing config:load:env Completed in 1ms
9 timing config:load:file:/Users/mohsenvafa/code/sfd-root/rxintake_scaffold/.npmrc Completed in 0ms
10 timing config:load:project Completed in 0ms
11 timing config:load:file:/Users/mohsenvafa/.npmrc Completed in 0ms
12 timing config:load:user Completed in 0ms
13 timing config:load:file:/usr/local/etc/npmrc Completed in 0ms
14 timing config:load:global Completed in 0ms
15 timing config:load:setEnvs Completed in 1ms
16 timing config:load Completed in 6ms
17 timing npm:load:configload Completed in 6ms
18 timing npm:load:mkdirpcache Completed in 0ms
19 timing npm:load:mkdirplogs Completed in 0ms
20 verbose title npm install tailwindcss@3.4.4
21 verbose argv "install" "tailwindcss@3.4.4" "--cache" "./.npm-cache"
22 timing npm:load:setTitle Completed in 1ms
23 timing config:load:flatten Completed in 1ms
24 timing npm:load:display Completed in 1ms
25 verbose logfile logs-max:10 dir:/Users/mohsenvafa/code/sfd-root/rxintake_scaffold/.npm-cache/_logs/2025-09-20T23_26_31_812Z-
26 verbose logfile /Users/mohsenvafa/code/sfd-root/rxintake_scaffold/.npm-cache/_logs/2025-09-20T23_26_31_812Z-debug-0.log
27 timing npm:load:logFile Completed in 4ms
28 timing npm:load:timers Completed in 0ms
29 timing npm:load:configScope Completed in 0ms
30 timing npm:load Completed in 13ms
31 timing arborist:ctor Completed in 0ms
32 silly logfile done cleaning log files
33 timing idealTree:init Completed in 14ms
34 timing idealTree:userRequests Completed in 0ms
35 silly idealTree buildDeps
36 silly fetch manifest tailwindcss@3.4.4
37 timing arborist:ctor Completed in 0ms
